#
# There is insufficient memory for the Java Runtime Environment to continue.
# Native memory allocation (malloc) failed to allocate 1645776 bytes for Chunk::new
# Possible reasons:
#   The system is out of physical RAM or swap space
#   The process is running with CompressedOops enabled, and the Java Heap may be blocking the growth of the native heap
# Possible solutions:
#   Reduce memory load on the system
#   Increase physical memory or swap space
#   Check if swap backing store is full
#   Decrease Java heap size (-Xmx/-Xms)
#   Decrease number of Java threads
#   Decrease Java thread stack sizes (-Xss)
#   Set larger code cache with -XX:ReservedCodeCacheSize=
#   JVM is running with Unscaled Compressed Oops mode in which the Java heap is
#     placed in the first 4GB address space. The Java Heap base address is the
#     maximum limit for the native heap growth. Please use -XX:HeapBaseMinAddress
#     to set the Java Heap base and to place the Java Heap above 4GB virtual address.
# This output file may be truncated or incomplete.
#
#  Out of Memory Error (arena.cpp:189), pid=22260, tid=34216
#
# JRE version: OpenJDK Runtime Environment (17.0.6) (build 17.0.6+0-b2043.56-10027231)
# Java VM: OpenJDK 64-Bit Server VM (17.0.6+0-b2043.56-10027231, mixed mode, tiered, compressed oops, compressed class ptrs, g1 gc, windows-amd64)
# No core dump will be written. Minidumps are not enabled by default on client versions of Windows
#

---------------  S U M M A R Y ------------

Command Line: --add-opens=java.base/java.util=ALL-UNNAMED --add-opens=java.base/java.lang=ALL-UNNAMED --add-opens=java.base/java.lang.invoke=ALL-UNNAMED --add-opens=java.prefs/java.util.prefs=ALL-UNNAMED --add-opens=java.base/java.nio.charset=ALL-UNNAMED --add-opens=java.base/java.net=ALL-UNNAMED --add-opens=java.base/java.util.concurrent.atomic=ALL-UNNAMED -Xmx2048m -Dfile.encoding=UTF-8 -Duser.country=MX -Duser.language=es -Duser.variant org.gradle.launcher.daemon.bootstrap.GradleDaemon 8.0

Host: Intel(R) Core(TM) i5-10300H CPU @ 2.50GHz, 8 cores, 31G,  Windows 11 , 64 bit Build 22621 (10.0.22621.2506)
Time: Thu Jan 11 10:05:54 2024 Hora estándar central (México) elapsed time: 10.096450 seconds (0d 0h 0m 10s)

---------------  T H R E A D  ---------------

Current thread (0x000001816f928510):  JavaThread "C2 CompilerThread0" daemon [_thread_in_native, id=34216, stack(0x0000003518e00000,0x0000003518f00000)]


Current CompileTask:
C2:  10096 7627 %     4       org.gradle.internal.instantiation.generator.AbstractClassGenerator::inspectType @ 250 (560 bytes)

Stack: [0x0000003518e00000,0x0000003518f00000]
Native frames: (J=compiled Java code, j=interpreted, Vv=VM code, C=native code)
V  [jvm.dll+0x683c9a]
V  [jvm.dll+0x8427a4]
V  [jvm.dll+0x843f9e]
V  [jvm.dll+0x844603]
V  [jvm.dll+0x249b75]
V  [jvm.dll+0xabcac]
V  [jvm.dll+0xac27c]
V  [jvm.dll+0x368802]
V  [jvm.dll+0x332f31]
V  [jvm.dll+0x3323da]
V  [jvm.dll+0x21c201]
V  [jvm.dll+0x21b621]
V  [jvm.dll+0x1a4fdd]
V  [jvm.dll+0x22b098]
V  [jvm.dll+0x229159]
V  [jvm.dll+0x7f81ec]
V  [jvm.dll+0x7f274a]
V  [jvm.dll+0x682ad5]
C  [ucrtbase.dll+0x29363]
C  [KERNEL32.DLL+0x1257d]
C  [ntdll.dll+0x5aa58]


---------------  P R O C E S S  ---------------

Threads class SMR info:
_java_thread_list=0x0000018175447450, length=129, elements={
0x000001815598c0d0, 0x000001816f8fe660, 0x000001816f8ff4d0, 0x000001816f8e8010,
0x000001816f8e8ad0, 0x000001816f8e9580, 0x000001816f8e9f30, 0x000001816f928510,
0x000001816f928b10, 0x000001816f92b510, 0x000001816faccdd0, 0x000001816facd2a0,
0x000001817293fe40, 0x0000018171b5aaf0, 0x0000018172d47c00, 0x00000181719b5270,
0x0000018171c3bbf0, 0x00000181715da040, 0x0000018171489b20, 0x00000181734be790,
0x00000181734bf130, 0x00000181734bbc40, 0x00000181734bec60, 0x00000181734bf600,
0x00000181734bd450, 0x00000181734bddf0, 0x00000181734bcf80, 0x00000181734be2c0,
0x00000181734bc110, 0x00000181734bc5e0, 0x00000181734bcab0, 0x000001817473a490,
0x000001817473f660, 0x000001817473de50, 0x000001817473f190, 0x000001817473c170,
0x000001817473e320, 0x0000018174740000, 0x000001817473b300, 0x0000018174739af0,
0x000001817473b7d0, 0x000001817473bca0, 0x000001817473e7f0, 0x000001817473cfe0,
0x00000181712a4000, 0x00000181712a79c0, 0x00000181712a27f0, 0x00000181712a74f0,
0x00000181712a6b50, 0x00000181712a5ce0, 0x00000181712a3190, 0x00000181712a44d0,
0x00000181712a49a0, 0x00000181712a5810, 0x00000181712a7e90, 0x00000181712a3660,
0x00000181712a9b70, 0x00000181712a4e70, 0x00000181712a8360, 0x00000181712a5340,
0x00000181712a8d00, 0x00000181712a3b30, 0x00000181712a8830, 0x00000181712a96a0,
0x00000181712a61b0, 0x00000181712aa040, 0x00000181712a6680, 0x00000181712a7020,
0x00000181712a2cc0, 0x0000018173c176a0, 0x0000018173c171d0, 0x0000018173c13340,
0x0000018173c13810, 0x0000018173c18510, 0x0000018173c14b50, 0x0000018173c15020,
0x0000018173c19d20, 0x0000018173c16d00, 0x0000018173c154f0, 0x0000018173c16360,
0x0000018173c13ce0, 0x0000018173c16830, 0x0000018173c17b70, 0x0000018173c18040,
0x0000018173c189e0, 0x0000018173c141b0, 0x0000018173c18eb0, 0x0000018173c19380,
0x0000018173c159c0, 0x0000018173c1ab90, 0x0000018173c19850, 0x0000018173c15e90,
0x0000018173c1a1f0, 0x0000018173c1a6c0, 0x0000018173c14680, 0x00000181786a3080,
0x00000181786a6570, 0x00000181786a1870, 0x00000181786a2bb0, 0x00000181786a43c0,
0x00000181786a60a0, 0x00000181786a6a40, 0x00000181786a0060, 0x00000181786a6f10,
0x00000181786a4890, 0x00000181786a4d60, 0x00000181786a73e0, 0x00000181786a2210,
0x00000181786a78b0, 0x00000181786a5230, 0x00000181786a3550, 0x00000181786a0530,
0x00000181786a5700, 0x00000181786a26e0, 0x00000181786a0a00, 0x00000181786a0ed0,
0x00000181786a3a20, 0x00000181786a3ef0, 0x00000181786a13a0, 0x00000181786a1d40,
0x00000181786a5bd0, 0x0000018178ad30c0, 0x0000018178acd080, 0x0000018178accbb0,
0x0000018178acd550, 0x0000018178acc6e0, 0x0000018178ad2720, 0x0000018176163d70,
0x0000018176161a00
}

Java Threads: ( => current thread )
  0x000001815598c0d0 JavaThread "main" [_thread_blocked, id=42632, stack(0x0000003518100000,0x0000003518200000)]
  0x000001816f8fe660 JavaThread "Reference Handler" daemon [_thread_blocked, id=39528, stack(0x0000003518800000,0x0000003518900000)]
  0x000001816f8ff4d0 JavaThread "Finalizer" daemon [_thread_blocked, id=29188, stack(0x0000003518900000,0x0000003518a00000)]
  0x000001816f8e8010 JavaThread "Signal Dispatcher" daemon [_thread_blocked, id=33364, stack(0x0000003518a00000,0x0000003518b00000)]
  0x000001816f8e8ad0 JavaThread "Attach Listener" daemon [_thread_blocked, id=23988, stack(0x0000003518b00000,0x0000003518c00000)]
  0x000001816f8e9580 JavaThread "Service Thread" daemon [_thread_blocked, id=39516, stack(0x0000003518c00000,0x0000003518d00000)]
  0x000001816f8e9f30 JavaThread "Monitor Deflation Thread" daemon [_thread_blocked, id=11408, stack(0x0000003518d00000,0x0000003518e00000)]
=>0x000001816f928510 JavaThread "C2 CompilerThread0" daemon [_thread_in_native, id=34216, stack(0x0000003518e00000,0x0000003518f00000)]
  0x000001816f928b10 JavaThread "C1 CompilerThread0" daemon [_thread_in_native, id=33912, stack(0x0000003518f00000,0x0000003519000000)]
  0x000001816f92b510 JavaThread "Sweeper thread" daemon [_thread_blocked, id=43848, stack(0x0000003519000000,0x0000003519100000)]
  0x000001816faccdd0 JavaThread "Common-Cleaner" daemon [_thread_blocked, id=6932, stack(0x0000003519100000,0x0000003519200000)]
  0x000001816facd2a0 JavaThread "Notification Thread" daemon [_thread_blocked, id=21464, stack(0x0000003519200000,0x0000003519300000)]
  0x000001817293fe40 JavaThread "Daemon health stats" [_thread_blocked, id=23164, stack(0x0000003519d00000,0x0000003519e00000)]
  0x0000018171b5aaf0 JavaThread "Incoming local TCP Connector on port 56567" [_thread_in_native, id=42184, stack(0x0000003519e00000,0x0000003519f00000)]
  0x0000018172d47c00 JavaThread "Daemon periodic checks" [_thread_blocked, id=37964, stack(0x0000003519f00000,0x000000351a000000)]
  0x00000181719b5270 JavaThread "Daemon" [_thread_blocked, id=5936, stack(0x000000351a000000,0x000000351a100000)]
  0x0000018171c3bbf0 JavaThread "Handler for socket connection from /127.0.0.1:56567 to /127.0.0.1:56568" [_thread_in_native, id=42828, stack(0x000000351a100000,0x000000351a200000)]
  0x00000181715da040 JavaThread "Cancel handler" [_thread_blocked, id=10888, stack(0x000000351a200000,0x000000351a300000)]
  0x0000018171489b20 JavaThread "Daemon worker" [_thread_in_vm, id=9504, stack(0x000000351a300000,0x000000351a400000)]
  0x00000181734be790 JavaThread "Asynchronous log dispatcher for DefaultDaemonConnection: socket connection from /127.0.0.1:56567 to /127.0.0.1:56568" [_thread_blocked, id=39856, stack(0x000000351a400000,0x000000351a500000)]
  0x00000181734bf130 JavaThread "Stdin handler" [_thread_blocked, id=41464, stack(0x000000351a500000,0x000000351a600000)]
  0x00000181734bbc40 JavaThread "Daemon client event forwarder" [_thread_blocked, id=43544, stack(0x000000351a600000,0x000000351a700000)]
  0x00000181734bec60 JavaThread "Cache worker for journal cache (C:\Users\Usuario\.gradle\caches\journal-1)" [_thread_blocked, id=26732, stack(0x0000003519500000,0x0000003519600000)]
  0x00000181734bf600 JavaThread "File lock request listener" [_thread_in_native, id=37160, stack(0x000000351a800000,0x000000351a900000)]
  0x00000181734bd450 JavaThread "Cache worker for file hash cache (C:\Users\Usuario\.gradle\caches\8.0\fileHashes)" [_thread_blocked, id=10068, stack(0x000000351a900000,0x000000351aa00000)]
  0x00000181734bddf0 JavaThread "File watcher server" daemon [_thread_in_native, id=41176, stack(0x000000351ab00000,0x000000351ac00000)]
  0x00000181734bcf80 JavaThread "File watcher consumer" daemon [_thread_blocked, id=21596, stack(0x000000351ac00000,0x000000351ad00000)]
  0x00000181734be2c0 JavaThread "jar transforms" [_thread_blocked, id=36972, stack(0x000000351ad00000,0x000000351ae00000)]
  0x00000181734bc110 JavaThread "jar transforms Thread 2" [_thread_blocked, id=30768, stack(0x000000351ae00000,0x000000351af00000)]
  0x00000181734bc5e0 JavaThread "jar transforms Thread 3" [_thread_blocked, id=11584, stack(0x000000351af00000,0x000000351b000000)]
  0x00000181734bcab0 JavaThread "jar transforms Thread 4" [_thread_blocked, id=42312, stack(0x000000351b000000,0x000000351b100000)]
  0x000001817473a490 JavaThread "jar transforms Thread 5" [_thread_blocked, id=16348, stack(0x000000351b100000,0x000000351b200000)]
  0x000001817473f660 JavaThread "jar transforms Thread 6" [_thread_blocked, id=16772, stack(0x000000351b200000,0x000000351b300000)]
  0x000001817473de50 JavaThread "jar transforms Thread 7" [_thread_blocked, id=29432, stack(0x000000351b300000,0x000000351b400000)]
  0x000001817473f190 JavaThread "jar transforms Thread 8" [_thread_blocked, id=17224, stack(0x000000351b400000,0x000000351b500000)]
  0x000001817473c170 JavaThread "Cache worker for checksums cache (C:\Users\Usuario\AndroidStudioProjects\AppToDo\.gradle\8.0\checksums)" [_thread_blocked, id=16864, stack(0x000000351b500000,0x000000351b600000)]
  0x000001817473e320 JavaThread "Cache worker for cache directory md-rule (C:\Users\Usuario\.gradle\caches\8.0\md-rule)" [_thread_blocked, id=2468, stack(0x000000351b600000,0x000000351b700000)]
  0x0000018174740000 JavaThread "Cache worker for file content cache (C:\Users\Usuario\.gradle\caches\8.0\fileContent)" [_thread_blocked, id=41404, stack(0x000000351b700000,0x000000351b800000)]
  0x000001817473b300 JavaThread "Cache worker for file hash cache (C:\Users\Usuario\AndroidStudioProjects\AppToDo\.gradle\8.0\fileHashes)" [_thread_blocked, id=41104, stack(0x000000351b800000,0x000000351b900000)]
  0x0000018174739af0 JavaThread "Cache worker for cache directory md-supplier (C:\Users\Usuario\.gradle\caches\8.0\md-supplier)" [_thread_blocked, id=16564, stack(0x000000351b900000,0x000000351ba00000)]
  0x000001817473b7d0 JavaThread "Cache worker for execution history cache (C:\Users\Usuario\.gradle\caches\8.0\executionHistory)" [_thread_blocked, id=19292, stack(0x000000351ba00000,0x000000351bb00000)]
  0x000001817473bca0 JavaThread "Cache worker for kotlin-dsl (C:\Users\Usuario\.gradle\caches\8.0\kotlin-dsl)" [_thread_blocked, id=42512, stack(0x000000351bb00000,0x000000351bc00000)]
  0x000001817473e7f0 JavaThread "Cache worker for dependencies-accessors (C:\Users\Usuario\AndroidStudioProjects\AppToDo\.gradle\8.0\dependencies-accessors)" [_thread_blocked, id=36936, stack(0x000000351bc00000,0x000000351bd00000)]
  0x000001817473cfe0 JavaThread "Cache worker for Build Output Cleanup Cache (C:\Users\Usuario\AndroidStudioProjects\AppToDo\.gradle\buildOutputCleanup)" [_thread_blocked, id=7556, stack(0x000000351bd00000,0x000000351be00000)]
  0x00000181712a4000 JavaThread "Unconstrained build operations" [_thread_blocked, id=25548, stack(0x000000351be00000,0x000000351bf00000)]
  0x00000181712a79c0 JavaThread "Unconstrained build operations Thread 2" [_thread_blocked, id=43688, stack(0x000000351bf00000,0x000000351c000000)]
  0x00000181712a27f0 JavaThread "Unconstrained build operations Thread 3" [_thread_blocked, id=24956, stack(0x000000351c000000,0x000000351c100000)]
  0x00000181712a74f0 JavaThread "Unconstrained build operations Thread 4" [_thread_blocked, id=41460, stack(0x000000351c100000,0x000000351c200000)]
  0x00000181712a6b50 JavaThread "Unconstrained build operations Thread 5" [_thread_blocked, id=22660, stack(0x000000351c200000,0x000000351c300000)]
  0x00000181712a5ce0 JavaThread "Unconstrained build operations Thread 6" [_thread_blocked, id=30112, stack(0x000000351c300000,0x000000351c400000)]
  0x00000181712a3190 JavaThread "Unconstrained build operations Thread 7" [_thread_blocked, id=35336, stack(0x000000351c400000,0x000000351c500000)]
  0x00000181712a44d0 JavaThread "Unconstrained build operations Thread 8" [_thread_blocked, id=16496, stack(0x000000351c500000,0x000000351c600000)]
  0x00000181712a49a0 JavaThread "Unconstrained build operations Thread 9" [_thread_blocked, id=39508, stack(0x000000351c600000,0x000000351c700000)]
  0x00000181712a5810 JavaThread "Unconstrained build operations Thread 10" [_thread_blocked, id=6996, stack(0x000000351c700000,0x000000351c800000)]
  0x00000181712a7e90 JavaThread "Unconstrained build operations Thread 11" [_thread_blocked, id=18436, stack(0x000000351c800000,0x000000351c900000)]
  0x00000181712a3660 JavaThread "Unconstrained build operations Thread 12" [_thread_blocked, id=16804, stack(0x000000351c900000,0x000000351ca00000)]
  0x00000181712a9b70 JavaThread "Unconstrained build operations Thread 13" [_thread_blocked, id=41500, stack(0x000000351ca00000,0x000000351cb00000)]
  0x00000181712a4e70 JavaThread "Unconstrained build operations Thread 14" [_thread_blocked, id=43456, stack(0x000000351cb00000,0x000000351cc00000)]
  0x00000181712a8360 JavaThread "Unconstrained build operations Thread 15" [_thread_blocked, id=39496, stack(0x000000351cc00000,0x000000351cd00000)]
  0x00000181712a5340 JavaThread "Unconstrained build operations Thread 16" [_thread_blocked, id=43260, stack(0x000000351cd00000,0x000000351ce00000)]
  0x00000181712a8d00 JavaThread "Unconstrained build operations Thread 17" [_thread_blocked, id=22032, stack(0x000000351ce00000,0x000000351cf00000)]
  0x00000181712a3b30 JavaThread "Unconstrained build operations Thread 18" [_thread_blocked, id=22236, stack(0x000000351cf00000,0x000000351d000000)]
  0x00000181712a8830 JavaThread "Unconstrained build operations Thread 19" [_thread_blocked, id=39080, stack(0x000000351d000000,0x000000351d100000)]
  0x00000181712a96a0 JavaThread "Unconstrained build operations Thread 20" [_thread_blocked, id=43012, stack(0x000000351d100000,0x000000351d200000)]
  0x00000181712a61b0 JavaThread "Unconstrained build operations Thread 21" [_thread_blocked, id=25812, stack(0x000000351d200000,0x000000351d300000)]
  0x00000181712aa040 JavaThread "Unconstrained build operations Thread 22" [_thread_blocked, id=43472, stack(0x000000351d300000,0x000000351d400000)]
  0x00000181712a6680 JavaThread "Unconstrained build operations Thread 23" [_thread_blocked, id=40280, stack(0x000000351d400000,0x000000351d500000)]
  0x00000181712a7020 JavaThread "Unconstrained build operations Thread 24" [_thread_blocked, id=8208, stack(0x000000351d500000,0x000000351d600000)]
  0x00000181712a2cc0 JavaThread "Unconstrained build operations Thread 25" [_thread_blocked, id=40912, stack(0x000000351d600000,0x000000351d700000)]
  0x0000018173c176a0 JavaThread "Unconstrained build operations Thread 26" [_thread_blocked, id=1048, stack(0x000000351d700000,0x000000351d800000)]
  0x0000018173c171d0 JavaThread "Unconstrained build operations Thread 27" [_thread_blocked, id=38840, stack(0x000000351d800000,0x000000351d900000)]
  0x0000018173c13340 JavaThread "Unconstrained build operations Thread 28" [_thread_blocked, id=23668, stack(0x000000351d900000,0x000000351da00000)]
  0x0000018173c13810 JavaThread "Unconstrained build operations Thread 29" [_thread_blocked, id=23936, stack(0x000000351da00000,0x000000351db00000)]
  0x0000018173c18510 JavaThread "Unconstrained build operations Thread 30" [_thread_blocked, id=39820, stack(0x000000351db00000,0x000000351dc00000)]
  0x0000018173c14b50 JavaThread "Unconstrained build operations Thread 31" [_thread_blocked, id=36932, stack(0x000000351dc00000,0x000000351dd00000)]
  0x0000018173c15020 JavaThread "Unconstrained build operations Thread 32" [_thread_blocked, id=21168, stack(0x000000351dd00000,0x000000351de00000)]
  0x0000018173c19d20 JavaThread "Unconstrained build operations Thread 33" [_thread_blocked, id=36004, stack(0x000000351de00000,0x000000351df00000)]
  0x0000018173c16d00 JavaThread "Unconstrained build operations Thread 34" [_thread_blocked, id=37772, stack(0x000000351df00000,0x000000351e000000)]
  0x0000018173c154f0 JavaThread "Unconstrained build operations Thread 35" [_thread_blocked, id=27824, stack(0x000000351e000000,0x000000351e100000)]
  0x0000018173c16360 JavaThread "Unconstrained build operations Thread 36" [_thread_blocked, id=42624, stack(0x000000351e100000,0x000000351e200000)]
  0x0000018173c13ce0 JavaThread "Unconstrained build operations Thread 37" [_thread_blocked, id=8852, stack(0x000000351e200000,0x000000351e300000)]
  0x0000018173c16830 JavaThread "Unconstrained build operations Thread 38" [_thread_blocked, id=3132, stack(0x000000351e300000,0x000000351e400000)]
  0x0000018173c17b70 JavaThread "Unconstrained build operations Thread 39" [_thread_blocked, id=43500, stack(0x000000351e400000,0x000000351e500000)]
  0x0000018173c18040 JavaThread "Unconstrained build operations Thread 40" [_thread_blocked, id=17192, stack(0x000000351e500000,0x000000351e600000)]
  0x0000018173c189e0 JavaThread "Unconstrained build operations Thread 41" [_thread_blocked, id=34824, stack(0x000000351e600000,0x000000351e700000)]
  0x0000018173c141b0 JavaThread "Unconstrained build operations Thread 42" [_thread_blocked, id=37844, stack(0x000000351e700000,0x000000351e800000)]
  0x0000018173c18eb0 JavaThread "Unconstrained build operations Thread 43" [_thread_blocked, id=7348, stack(0x000000351e800000,0x000000351e900000)]
  0x0000018173c19380 JavaThread "Unconstrained build operations Thread 44" [_thread_blocked, id=43720, stack(0x000000351e900000,0x000000351ea00000)]
  0x0000018173c159c0 JavaThread "Unconstrained build operations Thread 45" [_thread_blocked, id=28472, stack(0x000000351ea00000,0x000000351eb00000)]
  0x0000018173c1ab90 JavaThread "Unconstrained build operations Thread 46" [_thread_blocked, id=17704, stack(0x000000351eb00000,0x000000351ec00000)]
  0x0000018173c19850 JavaThread "Unconstrained build operations Thread 47" [_thread_blocked, id=19096, stack(0x000000351ec00000,0x000000351ed00000)]
  0x0000018173c15e90 JavaThread "Unconstrained build operations Thread 48" [_thread_blocked, id=41988, stack(0x000000351ed00000,0x000000351ee00000)]
  0x0000018173c1a1f0 JavaThread "Unconstrained build operations Thread 49" [_thread_blocked, id=10604, stack(0x000000351ee00000,0x000000351ef00000)]
  0x0000018173c1a6c0 JavaThread "Unconstrained build operations Thread 50" [_thread_blocked, id=42864, stack(0x000000351ef00000,0x000000351f000000)]
  0x0000018173c14680 JavaThread "Unconstrained build operations Thread 51" [_thread_blocked, id=30136, stack(0x000000351f000000,0x000000351f100000)]
  0x00000181786a3080 JavaThread "Unconstrained build operations Thread 52" [_thread_blocked, id=11480, stack(0x000000351f100000,0x000000351f200000)]
  0x00000181786a6570 JavaThread "Unconstrained build operations Thread 53" [_thread_blocked, id=7060, stack(0x000000351f200000,0x000000351f300000)]
  0x00000181786a1870 JavaThread "Unconstrained build operations Thread 54" [_thread_blocked, id=16124, stack(0x000000351f300000,0x000000351f400000)]
  0x00000181786a2bb0 JavaThread "Unconstrained build operations Thread 55" [_thread_blocked, id=33236, stack(0x000000351f400000,0x000000351f500000)]
  0x00000181786a43c0 JavaThread "Unconstrained build operations Thread 56" [_thread_blocked, id=28848, stack(0x000000351f500000,0x000000351f600000)]
  0x00000181786a60a0 JavaThread "Unconstrained build operations Thread 57" [_thread_blocked, id=40848, stack(0x000000351f600000,0x000000351f700000)]
  0x00000181786a6a40 JavaThread "Unconstrained build operations Thread 58" [_thread_blocked, id=34968, stack(0x000000351f700000,0x000000351f800000)]
  0x00000181786a0060 JavaThread "Unconstrained build operations Thread 59" [_thread_blocked, id=40560, stack(0x000000351f800000,0x000000351f900000)]
  0x00000181786a6f10 JavaThread "Unconstrained build operations Thread 60" [_thread_blocked, id=41124, stack(0x000000351f900000,0x000000351fa00000)]
  0x00000181786a4890 JavaThread "Unconstrained build operations Thread 61" [_thread_blocked, id=5384, stack(0x000000351fa00000,0x000000351fb00000)]
  0x00000181786a4d60 JavaThread "Unconstrained build operations Thread 62" [_thread_blocked, id=7036, stack(0x000000351fb00000,0x000000351fc00000)]
  0x00000181786a73e0 JavaThread "Unconstrained build operations Thread 63" [_thread_blocked, id=43208, stack(0x000000351fc00000,0x000000351fd00000)]
  0x00000181786a2210 JavaThread "Unconstrained build operations Thread 64" [_thread_blocked, id=16784, stack(0x000000351fd00000,0x000000351fe00000)]
  0x00000181786a78b0 JavaThread "Unconstrained build operations Thread 65" [_thread_blocked, id=35384, stack(0x000000351fe00000,0x000000351ff00000)]
  0x00000181786a5230 JavaThread "Unconstrained build operations Thread 66" [_thread_blocked, id=39228, stack(0x000000351ff00000,0x0000003520000000)]
  0x00000181786a3550 JavaThread "Unconstrained build operations Thread 67" [_thread_blocked, id=16916, stack(0x0000003520000000,0x0000003520100000)]
  0x00000181786a0530 JavaThread "Unconstrained build operations Thread 68" [_thread_blocked, id=31052, stack(0x0000003520100000,0x0000003520200000)]
  0x00000181786a5700 JavaThread "Unconstrained build operations Thread 69" [_thread_blocked, id=40520, stack(0x0000003520200000,0x0000003520300000)]
  0x00000181786a26e0 JavaThread "Unconstrained build operations Thread 70" [_thread_blocked, id=31800, stack(0x0000003520300000,0x0000003520400000)]
  0x00000181786a0a00 JavaThread "Unconstrained build operations Thread 71" [_thread_blocked, id=33848, stack(0x0000003520400000,0x0000003520500000)]
  0x00000181786a0ed0 JavaThread "Unconstrained build operations Thread 72" [_thread_blocked, id=16144, stack(0x0000003520500000,0x0000003520600000)]
  0x00000181786a3a20 JavaThread "Unconstrained build operations Thread 73" [_thread_blocked, id=40876, stack(0x0000003520600000,0x0000003520700000)]
  0x00000181786a3ef0 JavaThread "Unconstrained build operations Thread 74" [_thread_blocked, id=31348, stack(0x0000003520700000,0x0000003520800000)]
  0x00000181786a13a0 JavaThread "Unconstrained build operations Thread 75" [_thread_blocked, id=33020, stack(0x0000003520800000,0x0000003520900000)]
  0x00000181786a1d40 JavaThread "Unconstrained build operations Thread 76" [_thread_blocked, id=29248, stack(0x0000003520900000,0x0000003520a00000)]
  0x00000181786a5bd0 JavaThread "Unconstrained build operations Thread 77" [_thread_blocked, id=43808, stack(0x0000003520a00000,0x0000003520b00000)]
  0x0000018178ad30c0 JavaThread "Unconstrained build operations Thread 78" [_thread_blocked, id=29648, stack(0x0000003520b00000,0x0000003520c00000)]
  0x0000018178acd080 JavaThread "Unconstrained build operations Thread 79" [_thread_blocked, id=7968, stack(0x0000003520c00000,0x0000003520d00000)]
  0x0000018178accbb0 JavaThread "Unconstrained build operations Thread 80" [_thread_blocked, id=7884, stack(0x0000003520d00000,0x0000003520e00000)]
  0x0000018178acd550 JavaThread "Memory manager" [_thread_blocked, id=28300, stack(0x0000003520e00000,0x0000003520f00000)]
  0x0000018178acc6e0 JavaThread "build event listener" [_thread_blocked, id=36116, stack(0x0000003520f00000,0x0000003521000000)]
  0x0000018178ad2720 JavaThread "build event listener" [_thread_blocked, id=18740, stack(0x0000003521000000,0x0000003521100000)]
  0x0000018176163d70 JavaThread "C2 CompilerThread1" daemon [_thread_in_native, id=23696, stack(0x0000003519400000,0x0000003519500000)]
  0x0000018176161a00 JavaThread "C2 CompilerThread2" daemon [_thread_in_native, id=34672, stack(0x000000351aa00000,0x000000351ab00000)]

Other Threads:
  0x000001816f7fe9f0 VMThread "VM Thread" [stack: 0x0000003518700000,0x0000003518800000] [id=20520]
  0x000001816facaaa0 WatcherThread [stack: 0x0000003519300000,0x0000003519400000] [id=36876]
  0x00000181559e7060 GCTaskThread "GC Thread#0" [stack: 0x0000003518200000,0x0000003518300000] [id=27880]
  0x0000018170567b80 GCTaskThread "GC Thread#1" [stack: 0x0000003519600000,0x0000003519700000] [id=18616]
  0x000001817070c1a0 GCTaskThread "GC Thread#2" [stack: 0x0000003519700000,0x0000003519800000] [id=35392]
  0x000001817070c450 GCTaskThread "GC Thread#3" [stack: 0x0000003519800000,0x0000003519900000] [id=26384]
  0x00000181706b8640 GCTaskThread "GC Thread#4" [stack: 0x0000003519900000,0x0000003519a00000] [id=17204]
  0x00000181706b88f0 GCTaskThread "GC Thread#5" [stack: 0x0000003519a00000,0x0000003519b00000] [id=36908]
  0x00000181706b8ba0 GCTaskThread "GC Thread#6" [stack: 0x0000003519b00000,0x0000003519c00000] [id=25136]
  0x00000181710ccd20 GCTaskThread "GC Thread#7" [stack: 0x0000003519c00000,0x0000003519d00000] [id=16828]
  0x00000181559f7fa0 ConcurrentGCThread "G1 Main Marker" [stack: 0x0000003518300000,0x0000003518400000] [id=40412]
  0x00000181559f89b0 ConcurrentGCThread "G1 Conc#0" [stack: 0x0000003518400000,0x0000003518500000] [id=19556]
  0x0000018172e39040 ConcurrentGCThread "G1 Conc#1" [stack: 0x000000351a700000,0x000000351a800000] [id=18644]
  0x0000018155a4ecb0 ConcurrentGCThread "G1 Refine#0" [stack: 0x0000003518500000,0x0000003518600000] [id=26520]
  0x000001816f72f5b0 ConcurrentGCThread "G1 Service" [stack: 0x0000003518600000,0x0000003518700000] [id=38868]

Threads with active compile tasks:
C2 CompilerThread0    10123 7627 %     4       org.gradle.internal.instantiation.generator.AbstractClassGenerator::inspectType @ 250 (560 bytes)
C2 CompilerThread1    10123 7716       4       java.lang.reflect.Constructor::newInstanceWithCaller (75 bytes)
C2 CompilerThread2    10123 7766       4       groovy.lang.MetaClassImpl::addMetaMethodToIndex (65 bytes)

VM state: not at safepoint (normal execution)

VM Mutex/Monitor currently owned by a thread: None

Heap address: 0x0000000080000000, size: 2048 MB, Compressed Oops mode: 32-bit

CDS archive(s) not mapped
Compressed class space mapped at: 0x0000000100000000-0x0000000140000000, reserved size: 1073741824
Narrow klass base: 0x0000000000000000, Narrow klass shift: 3, Narrow klass range: 0x140000000

GC Precious Log:
 CPUs: 8 total, 8 available
 Memory: 32589M
 Large Page Support: Disabled
 NUMA Support: Disabled
 Compressed Oops: Enabled (32-bit)
 Heap Region Size: 1M
 Heap Min Capacity: 8M
 Heap Initial Capacity: 510M
 Heap Max Capacity: 2G
 Pre-touch: Disabled
 Parallel Workers: 8
 Concurrent Workers: 2
 Concurrent Refinement Workers: 8
 Periodic GC: Disabled

Heap:
 garbage-first heap   total 242688K, used 104497K [0x0000000080000000, 0x0000000100000000)
  region size 1024K, 10 young (10240K), 7 survivors (7168K)
 Metaspace       used 77084K, committed 77824K, reserved 1122304K
  class space    used 10363K, committed 10752K, reserved 1048576K

Heap Regions: E=young(eden), S=young(survivor), O=old, HS=humongous(starts), HC=humongous(continues), CS=collection set, F=free, OA=open archive, CA=closed archive, TAMS=top-at-mark-start (previous, next)
|   0|0x0000000080000000, 0x0000000080100000, 0x0000000080100000|100%|HS|  |TAMS 0x0000000080100000, 0x0000000080000000| Complete 
|   1|0x0000000080100000, 0x0000000080200000, 0x0000000080200000|100%|HC|  |TAMS 0x0000000080200000, 0x0000000080100000| Complete 
|   2|0x0000000080200000, 0x0000000080300000, 0x0000000080300000|100%|HC|  |TAMS 0x0000000080300000, 0x0000000080200000| Complete 
|   3|0x0000000080300000, 0x0000000080400000, 0x0000000080400000|100%|HC|  |TAMS 0x0000000080400000, 0x0000000080300000| Complete 
|   4|0x0000000080400000, 0x0000000080500000, 0x0000000080500000|100%| O|  |TAMS 0x0000000080500000, 0x0000000080400000| Untracked 
|   5|0x0000000080500000, 0x0000000080600000, 0x0000000080600000|100%| O|  |TAMS 0x0000000080600000, 0x0000000080500000| Untracked 
|   6|0x0000000080600000, 0x0000000080700000, 0x0000000080700000|100%| O|  |TAMS 0x0000000080700000, 0x0000000080600000| Untracked 
|   7|0x0000000080700000, 0x0000000080800000, 0x0000000080800000|100%| O|  |TAMS 0x0000000080800000, 0x0000000080700000| Untracked 
|   8|0x0000000080800000, 0x0000000080900000, 0x0000000080900000|100%| O|  |TAMS 0x0000000080900000, 0x0000000080800000| Untracked 
|   9|0x0000000080900000, 0x0000000080a00000, 0x0000000080a00000|100%| O|  |TAMS 0x0000000080a00000, 0x0000000080900000| Untracked 
|  10|0x0000000080a00000, 0x0000000080b00000, 0x0000000080b00000|100%| O|  |TAMS 0x0000000080b00000, 0x0000000080a00000| Untracked 
|  11|0x0000000080b00000, 0x0000000080c00000, 0x0000000080c00000|100%| O|  |TAMS 0x0000000080c00000, 0x0000000080b00000| Untracked 
|  12|0x0000000080c00000, 0x0000000080d00000, 0x0000000080d00000|100%| O|  |TAMS 0x0000000080d00000, 0x0000000080c00000| Untracked 
|  13|0x0000000080d00000, 0x0000000080e00000, 0x0000000080e00000|100%| O|  |TAMS 0x0000000080e00000, 0x0000000080d00000| Untracked 
|  14|0x0000000080e00000, 0x0000000080f00000, 0x0000000080f00000|100%| O|  |TAMS 0x0000000080f00000, 0x0000000080e00000| Untracked 
|  15|0x0000000080f00000, 0x0000000081000000, 0x0000000081000000|100%| O|  |TAMS 0x0000000081000000, 0x0000000080f00000| Untracked 
|  16|0x0000000081000000, 0x0000000081100000, 0x0000000081100000|100%| O|  |TAMS 0x0000000081100000, 0x0000000081000000| Untracked 
|  17|0x0000000081100000, 0x0000000081200000, 0x0000000081200000|100%| O|  |TAMS 0x0000000081200000, 0x0000000081100000| Untracked 
|  18|0x0000000081200000, 0x0000000081300000, 0x0000000081300000|100%| O|  |TAMS 0x0000000081300000, 0x0000000081200000| Untracked 
|  19|0x0000000081300000, 0x0000000081400000, 0x0000000081400000|100%| O|  |TAMS 0x0000000081400000, 0x0000000081300000| Untracked 
|  20|0x0000000081400000, 0x0000000081500000, 0x0000000081500000|100%| O|  |TAMS 0x0000000081500000, 0x0000000081400000| Untracked 
|  21|0x0000000081500000, 0x0000000081600000, 0x0000000081600000|100%|HS|  |TAMS 0x0000000081600000, 0x0000000081500000| Complete 
|  22|0x0000000081600000, 0x0000000081700000, 0x0000000081700000|100%|HC|  |TAMS 0x0000000081700000, 0x0000000081600000| Complete 
|  23|0x0000000081700000, 0x0000000081800000, 0x0000000081800000|100%|HS|  |TAMS 0x0000000081800000, 0x0000000081700000| Complete 
|  24|0x0000000081800000, 0x0000000081900000, 0x0000000081900000|100%|HC|  |TAMS 0x0000000081900000, 0x0000000081800000| Complete 
|  25|0x0000000081900000, 0x0000000081a00000, 0x0000000081a00000|100%|HC|  |TAMS 0x0000000081a00000, 0x0000000081900000| Complete 
|  26|0x0000000081a00000, 0x0000000081b00000, 0x0000000081b00000|100%|HS|  |TAMS 0x0000000081b00000, 0x0000000081a00000| Complete 
|  27|0x0000000081b00000, 0x0000000081c00000, 0x0000000081c00000|100%|HC|  |TAMS 0x0000000081c00000, 0x0000000081b00000| Complete 
|  28|0x0000000081c00000, 0x0000000081d00000, 0x0000000081d00000|100%|HC|  |TAMS 0x0000000081d00000, 0x0000000081c00000| Complete 
|  29|0x0000000081d00000, 0x0000000081e00000, 0x0000000081e00000|100%|HS|  |TAMS 0x0000000081e00000, 0x0000000081d00000| Complete 
|  30|0x0000000081e00000, 0x0000000081f00000, 0x0000000081f00000|100%|HC|  |TAMS 0x0000000081f00000, 0x0000000081e00000| Complete 
|  31|0x0000000081f00000, 0x0000000082000000, 0x0000000082000000|100%|HC|  |TAMS 0x0000000082000000, 0x0000000081f00000| Complete 
|  32|0x0000000082000000, 0x0000000082100000, 0x0000000082100000|100%|HC|  |TAMS 0x0000000082100000, 0x0000000082000000| Complete 
|  33|0x0000000082100000, 0x0000000082200000, 0x0000000082200000|100%|HC|  |TAMS 0x0000000082200000, 0x0000000082100000| Complete 
|  34|0x0000000082200000, 0x0000000082300000, 0x0000000082300000|100%|HC|  |TAMS 0x0000000082300000, 0x0000000082200000| Complete 
|  35|0x0000000082300000, 0x0000000082400000, 0x0000000082400000|100%|HC|  |TAMS 0x0000000082400000, 0x0000000082300000| Complete 
|  36|0x0000000082400000, 0x0000000082500000, 0x0000000082500000|100%|HC|  |TAMS 0x0000000082500000, 0x0000000082400000| Complete 
|  37|0x0000000082500000, 0x0000000082600000, 0x0000000082600000|100%|HC|  |TAMS 0x0000000082600000, 0x0000000082500000| Complete 
|  38|0x0000000082600000, 0x0000000082700000, 0x0000000082700000|100%|HC|  |TAMS 0x0000000082700000, 0x0000000082600000| Complete 
|  39|0x0000000082700000, 0x0000000082800000, 0x0000000082800000|100%|HC|  |TAMS 0x0000000082800000, 0x0000000082700000| Complete 
|  40|0x0000000082800000, 0x0000000082900000, 0x0000000082900000|100%|HC|  |TAMS 0x0000000082900000, 0x0000000082800000| Complete 
|  41|0x0000000082900000, 0x0000000082a00000, 0x0000000082a00000|100%|HS|  |TAMS 0x0000000082a00000, 0x0000000082900000| Complete 
|  42|0x0000000082a00000, 0x0000000082b00000, 0x0000000082b00000|100%|HC|  |TAMS 0x0000000082b00000, 0x0000000082a00000| Complete 
|  43|0x0000000082b00000, 0x0000000082c00000, 0x0000000082c00000|100%|HS|  |TAMS 0x0000000082c00000, 0x0000000082b00000| Complete 
|  44|0x0000000082c00000, 0x0000000082d00000, 0x0000000082d00000|100%| O|  |TAMS 0x0000000082d00000, 0x0000000082c00000| Untracked 
|  45|0x0000000082d00000, 0x0000000082e00000, 0x0000000082e00000|100%| O|  |TAMS 0x0000000082e00000, 0x0000000082d00000| Untracked 
|  46|0x0000000082e00000, 0x0000000082f00000, 0x0000000082f00000|100%| O|  |TAMS 0x0000000082f00000, 0x0000000082e00000| Untracked 
|  47|0x0000000082f00000, 0x0000000082faf000, 0x0000000083000000| 68%| O|  |TAMS 0x0000000082faf000, 0x0000000082f00000| Untracked 
|  48|0x0000000083000000, 0x0000000083100000, 0x0000000083100000|100%| O|  |TAMS 0x0000000083100000, 0x0000000083000000| Untracked 
|  49|0x0000000083100000, 0x0000000083200000, 0x0000000083200000|100%| O|  |TAMS 0x0000000083200000, 0x0000000083100000| Untracked 
|  50|0x0000000083200000, 0x0000000083300000, 0x0000000083300000|100%|HS|  |TAMS 0x0000000083300000, 0x0000000083200000| Complete 
|  51|0x0000000083300000, 0x0000000083400000, 0x0000000083400000|100%|HC|  |TAMS 0x0000000083400000, 0x0000000083300000| Complete 
|  52|0x0000000083400000, 0x0000000083500000, 0x0000000083500000|100%|HC|  |TAMS 0x0000000083500000, 0x0000000083400000| Complete 
|  53|0x0000000083500000, 0x0000000083600000, 0x0000000083600000|100%|HS|  |TAMS 0x0000000083600000, 0x0000000083500000| Complete 
|  54|0x0000000083600000, 0x0000000083700000, 0x0000000083700000|100%|HC|  |TAMS 0x0000000083700000, 0x0000000083600000| Complete 
|  55|0x0000000083700000, 0x0000000083800000, 0x0000000083800000|100%|HC|  |TAMS 0x0000000083800000, 0x0000000083700000| Complete 
|  56|0x0000000083800000, 0x0000000083900000, 0x0000000083900000|100%| O|  |TAMS 0x0000000083900000, 0x0000000083800000| Untracked 
|  57|0x0000000083900000, 0x0000000083a00000, 0x0000000083a00000|100%| O|  |TAMS 0x0000000083a00000, 0x0000000083900000| Untracked 
|  58|0x0000000083a00000, 0x0000000083b00000, 0x0000000083b00000|100%| O|  |TAMS 0x0000000083b00000, 0x0000000083a00000| Untracked 
|  59|0x0000000083b00000, 0x0000000083c00000, 0x0000000083c00000|100%| O|  |TAMS 0x0000000083c00000, 0x0000000083b00000| Untracked 
|  60|0x0000000083c00000, 0x0000000083d00000, 0x0000000083d00000|100%| O|  |TAMS 0x0000000083d00000, 0x0000000083c00000| Untracked 
|  61|0x0000000083d00000, 0x0000000083e00000, 0x0000000083e00000|100%| O|  |TAMS 0x0000000083e00000, 0x0000000083d00000| Untracked 
|  62|0x0000000083e00000, 0x0000000083f00000, 0x0000000083f00000|100%| O|  |TAMS 0x0000000083f00000, 0x0000000083e00000| Untracked 
|  63|0x0000000083f00000, 0x0000000084000000, 0x0000000084000000|100%| O|  |TAMS 0x0000000084000000, 0x0000000083f00000| Untracked 
|  64|0x0000000084000000, 0x0000000084100000, 0x0000000084100000|100%| O|  |TAMS 0x0000000084100000, 0x0000000084000000| Untracked 
|  65|0x0000000084100000, 0x0000000084200000, 0x0000000084200000|100%|HS|  |TAMS 0x0000000084200000, 0x0000000084100000| Complete 
|  66|0x0000000084200000, 0x0000000084300000, 0x0000000084300000|100%|HS|  |TAMS 0x0000000084300000, 0x0000000084200000| Complete 
|  67|0x0000000084300000, 0x0000000084400000, 0x0000000084400000|100%|HC|  |TAMS 0x0000000084400000, 0x0000000084300000| Complete 
|  68|0x0000000084400000, 0x0000000084500000, 0x0000000084500000|100%|HS|  |TAMS 0x0000000084500000, 0x0000000084400000| Complete 
|  69|0x0000000084500000, 0x0000000084600000, 0x0000000084600000|100%|HS|  |TAMS 0x0000000084600000, 0x0000000084500000| Complete 
|  70|0x0000000084600000, 0x0000000084700000, 0x0000000084700000|100%|HC|  |TAMS 0x0000000084700000, 0x0000000084600000| Complete 
|  71|0x0000000084700000, 0x0000000084800000, 0x0000000084800000|100%|HC|  |TAMS 0x0000000084800000, 0x0000000084700000| Complete 
|  72|0x0000000084800000, 0x0000000084900000, 0x0000000084900000|100%|HC|  |TAMS 0x0000000084900000, 0x0000000084800000| Complete 
|  73|0x0000000084900000, 0x0000000084a00000, 0x0000000084a00000|100%| O|  |TAMS 0x0000000084a00000, 0x0000000084900000| Untracked 
|  74|0x0000000084a00000, 0x0000000084b00000, 0x0000000084b00000|100%| O|  |TAMS 0x0000000084b00000, 0x0000000084a00000| Untracked 
|  75|0x0000000084b00000, 0x0000000084c00000, 0x0000000084c00000|100%| O|  |TAMS 0x0000000084c00000, 0x0000000084b00000| Untracked 
|  76|0x0000000084c00000, 0x0000000084d00000, 0x0000000084d00000|100%| O|  |TAMS 0x0000000084d00000, 0x0000000084c00000| Untracked 
|  77|0x0000000084d00000, 0x0000000084e00000, 0x0000000084e00000|100%| O|  |TAMS 0x0000000084e00000, 0x0000000084d00000| Untracked 
|  78|0x0000000084e00000, 0x0000000084f00000, 0x0000000084f00000|100%| O|  |TAMS 0x0000000084f00000, 0x0000000084e00000| Untracked 
|  79|0x0000000084f00000, 0x0000000085000000, 0x0000000085000000|100%| O|  |TAMS 0x0000000085000000, 0x0000000084f00000| Untracked 
|  80|0x0000000085000000, 0x0000000085100000, 0x0000000085100000|100%| O|  |TAMS 0x0000000085100000, 0x0000000085000000| Untracked 
|  81|0x0000000085100000, 0x0000000085200000, 0x0000000085200000|100%| O|  |TAMS 0x0000000085200000, 0x0000000085100000| Untracked 
|  82|0x0000000085200000, 0x0000000085300000, 0x0000000085300000|100%| O|  |TAMS 0x0000000085300000, 0x0000000085200000| Untracked 
|  83|0x0000000085300000, 0x0000000085400000, 0x0000000085400000|100%| O|  |TAMS 0x0000000085400000, 0x0000000085300000| Untracked 
|  84|0x0000000085400000, 0x0000000085500000, 0x0000000085500000|100%| O|  |TAMS 0x0000000085500000, 0x0000000085400000| Untracked 
|  85|0x0000000085500000, 0x0000000085600000, 0x0000000085600000|100%| O|  |TAMS 0x0000000085600000, 0x0000000085500000| Untracked 
|  86|0x0000000085600000, 0x0000000085700000, 0x0000000085700000|100%| O|  |TAMS 0x0000000085700000, 0x0000000085600000| Untracked 
|  87|0x0000000085700000, 0x0000000085800000, 0x0000000085800000|100%| O|  |TAMS 0x0000000085781000, 0x0000000085700000| Untracked 
|  88|0x0000000085800000, 0x0000000085800000, 0x0000000085900000|  0%| F|  |TAMS 0x0000000085800000, 0x0000000085800000| Untracked 
|  89|0x0000000085900000, 0x0000000085900000, 0x0000000085a00000|  0%| F|  |TAMS 0x0000000085900000, 0x0000000085900000| Untracked 
|  90|0x0000000085a00000, 0x0000000085a00000, 0x0000000085b00000|  0%| F|  |TAMS 0x0000000085a00000, 0x0000000085a00000| Untracked 
|  91|0x0000000085b00000, 0x0000000085b00000, 0x0000000085c00000|  0%| F|  |TAMS 0x0000000085b00000, 0x0000000085b00000| Untracked 
|  92|0x0000000085c00000, 0x0000000085c00000, 0x0000000085d00000|  0%| F|  |TAMS 0x0000000085c00000, 0x0000000085c00000| Untracked 
|  93|0x0000000085d00000, 0x0000000085e00000, 0x0000000085e00000|100%| O|  |TAMS 0x0000000085d00000, 0x0000000085d00000| Untracked 
|  94|0x0000000085e00000, 0x0000000085f00000, 0x0000000085f00000|100%| O|  |TAMS 0x0000000085e00000, 0x0000000085e00000| Untracked 
|  95|0x0000000085f00000, 0x0000000086000000, 0x0000000086000000|100%| O|  |TAMS 0x0000000085f00000, 0x0000000085f00000| Untracked 
|  96|0x0000000086000000, 0x0000000086100000, 0x0000000086100000|100%| O|  |TAMS 0x0000000086000000, 0x0000000086000000| Untracked 
|  97|0x0000000086100000, 0x0000000086200000, 0x0000000086200000|100%| O|  |TAMS 0x0000000086100000, 0x0000000086100000| Untracked 
|  98|0x0000000086200000, 0x000000008625d600, 0x0000000086300000| 36%| O|  |TAMS 0x0000000086200000, 0x0000000086200000| Untracked 
|  99|0x0000000086300000, 0x0000000086300000, 0x0000000086400000|  0%| F|  |TAMS 0x0000000086300000, 0x0000000086300000| Untracked 
| 100|0x0000000086400000, 0x0000000086400000, 0x0000000086500000|  0%| F|  |TAMS 0x0000000086400000, 0x0000000086400000| Untracked 
| 101|0x0000000086500000, 0x0000000086500000, 0x0000000086600000|  0%| F|  |TAMS 0x0000000086500000, 0x0000000086500000| Untracked 
| 102|0x0000000086600000, 0x0000000086600000, 0x0000000086700000|  0%| F|  |TAMS 0x0000000086600000, 0x0000000086600000| Untracked 
| 103|0x0000000086700000, 0x0000000086700000, 0x0000000086800000|  0%| F|  |TAMS 0x0000000086700000, 0x0000000086700000| Untracked 
| 104|0x0000000086800000, 0x0000000086800000, 0x0000000086900000|  0%| F|  |TAMS 0x0000000086800000, 0x0000000086800000| Untracked 
| 105|0x0000000086900000, 0x0000000086900000, 0x0000000086a00000|  0%| F|  |TAMS 0x0000000086900000, 0x0000000086900000| Untracked 
| 106|0x0000000086a00000, 0x0000000086a00000, 0x0000000086b00000|  0%| F|  |TAMS 0x0000000086a00000, 0x0000000086a00000| Untracked 
| 107|0x0000000086b00000, 0x0000000086b00000, 0x0000000086c00000|  0%| F|  |TAMS 0x0000000086b00000, 0x0000000086b00000| Untracked 
| 108|0x0000000086c00000, 0x0000000086c00000, 0x0000000086d00000|  0%| F|  |TAMS 0x0000000086c00000, 0x0000000086c00000| Untracked 
| 109|0x0000000086d00000, 0x0000000086d00000, 0x0000000086e00000|  0%| F|  |TAMS 0x0000000086d00000, 0x0000000086d00000| Untracked 
| 110|0x0000000086e00000, 0x0000000086e00000, 0x0000000086f00000|  0%| F|  |TAMS 0x0000000086e00000, 0x0000000086e00000| Untracked 
| 111|0x0000000086f00000, 0x0000000086f00000, 0x0000000087000000|  0%| F|  |TAMS 0x0000000086f00000, 0x0000000086f00000| Untracked 
| 112|0x0000000087000000, 0x0000000087000000, 0x0000000087100000|  0%| F|  |TAMS 0x0000000087000000, 0x0000000087000000| Untracked 
| 113|0x0000000087100000, 0x0000000087100000, 0x0000000087200000|  0%| F|  |TAMS 0x0000000087100000, 0x0000000087100000| Untracked 
| 114|0x0000000087200000, 0x0000000087200000, 0x0000000087300000|  0%| F|  |TAMS 0x0000000087200000, 0x0000000087200000| Untracked 
| 115|0x0000000087300000, 0x0000000087300000, 0x0000000087400000|  0%| F|  |TAMS 0x0000000087300000, 0x0000000087300000| Untracked 
| 116|0x0000000087400000, 0x0000000087400000, 0x0000000087500000|  0%| F|  |TAMS 0x0000000087400000, 0x0000000087400000| Untracked 
| 117|0x0000000087500000, 0x0000000087500000, 0x0000000087600000|  0%| F|  |TAMS 0x0000000087500000, 0x0000000087500000| Untracked 
| 118|0x0000000087600000, 0x0000000087600000, 0x0000000087700000|  0%| F|  |TAMS 0x0000000087600000, 0x0000000087600000| Untracked 
| 119|0x0000000087700000, 0x0000000087700000, 0x0000000087800000|  0%| F|  |TAMS 0x0000000087700000, 0x0000000087700000| Untracked 
| 120|0x0000000087800000, 0x0000000087800000, 0x0000000087900000|  0%| F|  |TAMS 0x0000000087800000, 0x0000000087800000| Untracked 
| 121|0x0000000087900000, 0x0000000087900000, 0x0000000087a00000|  0%| F|  |TAMS 0x0000000087900000, 0x0000000087900000| Untracked 
| 122|0x0000000087a00000, 0x0000000087a00000, 0x0000000087b00000|  0%| F|  |TAMS 0x0000000087a00000, 0x0000000087a00000| Untracked 
| 123|0x0000000087b00000, 0x0000000087b00000, 0x0000000087c00000|  0%| F|  |TAMS 0x0000000087b00000, 0x0000000087b00000| Untracked 
| 124|0x0000000087c00000, 0x0000000087c00000, 0x0000000087d00000|  0%| F|  |TAMS 0x0000000087c00000, 0x0000000087c00000| Untracked 
| 125|0x0000000087d00000, 0x0000000087d00000, 0x0000000087e00000|  0%| F|  |TAMS 0x0000000087d00000, 0x0000000087d00000| Untracked 
| 126|0x0000000087e00000, 0x0000000087e00000, 0x0000000087f00000|  0%| F|  |TAMS 0x0000000087e00000, 0x0000000087e00000| Untracked 
| 127|0x0000000087f00000, 0x0000000087f00000, 0x0000000088000000|  0%| F|  |TAMS 0x0000000087f00000, 0x0000000087f00000| Untracked 
| 128|0x0000000088000000, 0x0000000088000000, 0x0000000088100000|  0%| F|  |TAMS 0x0000000088000000, 0x0000000088000000| Untracked 
| 129|0x0000000088100000, 0x0000000088100000, 0x0000000088200000|  0%| F|  |TAMS 0x0000000088100000, 0x0000000088100000| Untracked 
| 130|0x0000000088200000, 0x0000000088200000, 0x0000000088300000|  0%| F|  |TAMS 0x0000000088200000, 0x0000000088200000| Untracked 
| 131|0x0000000088300000, 0x0000000088300000, 0x0000000088400000|  0%| F|  |TAMS 0x0000000088300000, 0x0000000088300000| Untracked 
| 132|0x0000000088400000, 0x0000000088400000, 0x0000000088500000|  0%| F|  |TAMS 0x0000000088400000, 0x0000000088400000| Untracked 
| 133|0x0000000088500000, 0x0000000088500000, 0x0000000088600000|  0%| F|  |TAMS 0x0000000088500000, 0x0000000088500000| Untracked 
| 134|0x0000000088600000, 0x0000000088600000, 0x0000000088700000|  0%| F|  |TAMS 0x0000000088600000, 0x0000000088600000| Untracked 
| 135|0x0000000088700000, 0x0000000088700000, 0x0000000088800000|  0%| F|  |TAMS 0x0000000088700000, 0x0000000088700000| Untracked 
| 136|0x0000000088800000, 0x0000000088800000, 0x0000000088900000|  0%| F|  |TAMS 0x0000000088800000, 0x0000000088800000| Untracked 
| 137|0x0000000088900000, 0x0000000088900000, 0x0000000088a00000|  0%| F|  |TAMS 0x0000000088900000, 0x0000000088900000| Untracked 
| 138|0x0000000088a00000, 0x0000000088a00000, 0x0000000088b00000|  0%| F|  |TAMS 0x0000000088a00000, 0x0000000088a00000| Untracked 
| 139|0x0000000088b00000, 0x0000000088b00000, 0x0000000088c00000|  0%| F|  |TAMS 0x0000000088b00000, 0x0000000088b00000| Untracked 
| 140|0x0000000088c00000, 0x0000000088c00000, 0x0000000088d00000|  0%| F|  |TAMS 0x0000000088c00000, 0x0000000088c00000| Untracked 
| 141|0x0000000088d00000, 0x0000000088d00000, 0x0000000088e00000|  0%| F|  |TAMS 0x0000000088d00000, 0x0000000088d00000| Untracked 
| 142|0x0000000088e00000, 0x0000000088e00000, 0x0000000088f00000|  0%| F|  |TAMS 0x0000000088e00000, 0x0000000088e00000| Untracked 
| 143|0x0000000088f00000, 0x0000000088f00000, 0x0000000089000000|  0%| F|  |TAMS 0x0000000088f00000, 0x0000000088f00000| Untracked 
| 144|0x0000000089000000, 0x0000000089000000, 0x0000000089100000|  0%| F|  |TAMS 0x0000000089000000, 0x0000000089000000| Untracked 
| 145|0x0000000089100000, 0x0000000089100000, 0x0000000089200000|  0%| F|  |TAMS 0x0000000089100000, 0x0000000089100000| Untracked 
| 146|0x0000000089200000, 0x0000000089200000, 0x0000000089300000|  0%| F|  |TAMS 0x0000000089200000, 0x0000000089200000| Untracked 
| 147|0x0000000089300000, 0x0000000089300000, 0x0000000089400000|  0%| F|  |TAMS 0x0000000089300000, 0x0000000089300000| Untracked 
| 148|0x0000000089400000, 0x0000000089400000, 0x0000000089500000|  0%| F|  |TAMS 0x0000000089400000, 0x0000000089400000| Untracked 
| 149|0x0000000089500000, 0x0000000089500000, 0x0000000089600000|  0%| F|  |TAMS 0x0000000089500000, 0x0000000089500000| Untracked 
| 150|0x0000000089600000, 0x0000000089600000, 0x0000000089700000|  0%| F|  |TAMS 0x0000000089600000, 0x0000000089600000| Untracked 
| 151|0x0000000089700000, 0x0000000089700000, 0x0000000089800000|  0%| F|  |TAMS 0x0000000089700000, 0x0000000089700000| Untracked 
| 152|0x0000000089800000, 0x0000000089800000, 0x0000000089900000|  0%| F|  |TAMS 0x0000000089800000, 0x0000000089800000| Untracked 
| 153|0x0000000089900000, 0x0000000089900000, 0x0000000089a00000|  0%| F|  |TAMS 0x0000000089900000, 0x0000000089900000| Untracked 
| 154|0x0000000089a00000, 0x0000000089a00000, 0x0000000089b00000|  0%| F|  |TAMS 0x0000000089a00000, 0x0000000089a00000| Untracked 
| 155|0x0000000089b00000, 0x0000000089b00000, 0x0000000089c00000|  0%| F|  |TAMS 0x0000000089b00000, 0x0000000089b00000| Untracked 
| 156|0x0000000089c00000, 0x0000000089c00000, 0x0000000089d00000|  0%| F|  |TAMS 0x0000000089c00000, 0x0000000089c00000| Untracked 
| 157|0x0000000089d00000, 0x0000000089d00000, 0x0000000089e00000|  0%| F|  |TAMS 0x0000000089d00000, 0x0000000089d00000| Untracked 
| 158|0x0000000089e00000, 0x0000000089e00000, 0x0000000089f00000|  0%| F|  |TAMS 0x0000000089e00000, 0x0000000089e00000| Untracked 
| 159|0x0000000089f00000, 0x0000000089f00000, 0x000000008a000000|  0%| F|  |TAMS 0x0000000089f00000, 0x0000000089f00000| Untracked 
| 160|0x000000008a000000, 0x000000008a000000, 0x000000008a100000|  0%| F|  |TAMS 0x000000008a000000, 0x000000008a000000| Untracked 
| 161|0x000000008a100000, 0x000000008a100000, 0x000000008a200000|  0%| F|  |TAMS 0x000000008a100000, 0x000000008a100000| Untracked 
| 162|0x000000008a200000, 0x000000008a200000, 0x000000008a300000|  0%| F|  |TAMS 0x000000008a200000, 0x000000008a200000| Untracked 
| 163|0x000000008a300000, 0x000000008a300000, 0x000000008a400000|  0%| F|  |TAMS 0x000000008a300000, 0x000000008a300000| Untracked 
| 164|0x000000008a400000, 0x000000008a500000, 0x000000008a500000|100%| S|CS|TAMS 0x000000008a400000, 0x000000008a400000| Complete 
| 165|0x000000008a500000, 0x000000008a600000, 0x000000008a600000|100%| S|CS|TAMS 0x000000008a500000, 0x000000008a500000| Complete 
| 166|0x000000008a600000, 0x000000008a700000, 0x000000008a700000|100%| S|CS|TAMS 0x000000008a600000, 0x000000008a600000| Complete 
| 167|0x000000008a700000, 0x000000008a800000, 0x000000008a800000|100%| S|CS|TAMS 0x000000008a700000, 0x000000008a700000| Complete 
| 168|0x000000008a800000, 0x000000008a900000, 0x000000008a900000|100%| S|CS|TAMS 0x000000008a800000, 0x000000008a800000| Complete 
| 169|0x000000008a900000, 0x000000008aa00000, 0x000000008aa00000|100%| S|CS|TAMS 0x000000008a900000, 0x000000008a900000| Complete 
| 170|0x000000008aa00000, 0x000000008ab00000, 0x000000008ab00000|100%| S|CS|TAMS 0x000000008aa00000, 0x000000008aa00000| Complete 
| 171|0x000000008ab00000, 0x000000008ab00000, 0x000000008ac00000|  0%| F|  |TAMS 0x000000008ab00000, 0x000000008ab00000| Untracked 
| 172|0x000000008ac00000, 0x000000008ac00000, 0x000000008ad00000|  0%| F|  |TAMS 0x000000008ac00000, 0x000000008ac00000| Untracked 
| 173|0x000000008ad00000, 0x000000008ad00000, 0x000000008ae00000|  0%| F|  |TAMS 0x000000008ad00000, 0x000000008ad00000| Untracked 
| 174|0x000000008ae00000, 0x000000008ae00000, 0x000000008af00000|  0%| F|  |TAMS 0x000000008ae00000, 0x000000008ae00000| Untracked 
| 175|0x000000008af00000, 0x000000008af00000, 0x000000008b000000|  0%| F|  |TAMS 0x000000008af00000, 0x000000008af00000| Untracked 
| 176|0x000000008b000000, 0x000000008b000000, 0x000000008b100000|  0%| F|  |TAMS 0x000000008b000000, 0x000000008b000000| Untracked 
| 177|0x000000008b100000, 0x000000008b100000, 0x000000008b200000|  0%| F|  |TAMS 0x000000008b100000, 0x000000008b100000| Untracked 
| 178|0x000000008b200000, 0x000000008b200000, 0x000000008b300000|  0%| F|  |TAMS 0x000000008b200000, 0x000000008b200000| Untracked 
| 179|0x000000008b300000, 0x000000008b300000, 0x000000008b400000|  0%| F|  |TAMS 0x000000008b300000, 0x000000008b300000| Untracked 
| 180|0x000000008b400000, 0x000000008b400000, 0x000000008b500000|  0%| F|  |TAMS 0x000000008b400000, 0x000000008b400000| Untracked 
| 181|0x000000008b500000, 0x000000008b500000, 0x000000008b600000|  0%| F|  |TAMS 0x000000008b500000, 0x000000008b500000| Untracked 
| 182|0x000000008b600000, 0x000000008b600000, 0x000000008b700000|  0%| F|  |TAMS 0x000000008b600000, 0x000000008b600000| Untracked 
| 183|0x000000008b700000, 0x000000008b700000, 0x000000008b800000|  0%| F|  |TAMS 0x000000008b700000, 0x000000008b700000| Untracked 
| 184|0x000000008b800000, 0x000000008b800000, 0x000000008b900000|  0%| F|  |TAMS 0x000000008b800000, 0x000000008b800000| Untracked 
| 185|0x000000008b900000, 0x000000008b900000, 0x000000008ba00000|  0%| F|  |TAMS 0x000000008b900000, 0x000000008b900000| Untracked 
| 186|0x000000008ba00000, 0x000000008ba00000, 0x000000008bb00000|  0%| F|  |TAMS 0x000000008ba00000, 0x000000008ba00000| Untracked 
| 187|0x000000008bb00000, 0x000000008bb00000, 0x000000008bc00000|  0%| F|  |TAMS 0x000000008bb00000, 0x000000008bb00000| Untracked 
| 188|0x000000008bc00000, 0x000000008bc00000, 0x000000008bd00000|  0%| F|  |TAMS 0x000000008bc00000, 0x000000008bc00000| Untracked 
| 189|0x000000008bd00000, 0x000000008bd00000, 0x000000008be00000|  0%| F|  |TAMS 0x000000008bd00000, 0x000000008bd00000| Untracked 
| 190|0x000000008be00000, 0x000000008be00000, 0x000000008bf00000|  0%| F|  |TAMS 0x000000008be00000, 0x000000008be00000| Untracked 
| 191|0x000000008bf00000, 0x000000008bf00000, 0x000000008c000000|  0%| F|  |TAMS 0x000000008bf00000, 0x000000008bf00000| Untracked 
| 192|0x000000008c000000, 0x000000008c000000, 0x000000008c100000|  0%| F|  |TAMS 0x000000008c000000, 0x000000008c000000| Untracked 
| 193|0x000000008c100000, 0x000000008c100000, 0x000000008c200000|  0%| F|  |TAMS 0x000000008c100000, 0x000000008c100000| Untracked 
| 194|0x000000008c200000, 0x000000008c200000, 0x000000008c300000|  0%| F|  |TAMS 0x000000008c200000, 0x000000008c200000| Untracked 
| 195|0x000000008c300000, 0x000000008c300000, 0x000000008c400000|  0%| F|  |TAMS 0x000000008c300000, 0x000000008c300000| Untracked 
| 196|0x000000008c400000, 0x000000008c400000, 0x000000008c500000|  0%| F|  |TAMS 0x000000008c400000, 0x000000008c400000| Untracked 
| 197|0x000000008c500000, 0x000000008c500000, 0x000000008c600000|  0%| F|  |TAMS 0x000000008c500000, 0x000000008c500000| Untracked 
| 198|0x000000008c600000, 0x000000008c600000, 0x000000008c700000|  0%| F|  |TAMS 0x000000008c600000, 0x000000008c600000| Untracked 
| 199|0x000000008c700000, 0x000000008c700000, 0x000000008c800000|  0%| F|  |TAMS 0x000000008c700000, 0x000000008c700000| Untracked 
| 200|0x000000008c800000, 0x000000008c800000, 0x000000008c900000|  0%| F|  |TAMS 0x000000008c800000, 0x000000008c800000| Untracked 
| 201|0x000000008c900000, 0x000000008c900000, 0x000000008ca00000|  0%| F|  |TAMS 0x000000008c900000, 0x000000008c900000| Untracked 
| 202|0x000000008ca00000, 0x000000008ca00000, 0x000000008cb00000|  0%| F|  |TAMS 0x000000008ca00000, 0x000000008ca00000| Untracked 
| 203|0x000000008cb00000, 0x000000008cb00000, 0x000000008cc00000|  0%| F|  |TAMS 0x000000008cb00000, 0x000000008cb00000| Untracked 
| 204|0x000000008cc00000, 0x000000008cc00000, 0x000000008cd00000|  0%| F|  |TAMS 0x000000008cc00000, 0x000000008cc00000| Untracked 
| 205|0x000000008cd00000, 0x000000008cd00000, 0x000000008ce00000|  0%| F|  |TAMS 0x000000008cd00000, 0x000000008cd00000| Untracked 
| 206|0x000000008ce00000, 0x000000008ce00000, 0x000000008cf00000|  0%| F|  |TAMS 0x000000008ce00000, 0x000000008ce00000| Untracked 
| 207|0x000000008cf00000, 0x000000008cf00000, 0x000000008d000000|  0%| F|  |TAMS 0x000000008cf00000, 0x000000008cf00000| Untracked 
| 208|0x000000008d000000, 0x000000008d000000, 0x000000008d100000|  0%| F|  |TAMS 0x000000008d000000, 0x000000008d000000| Untracked 
| 209|0x000000008d100000, 0x000000008d100000, 0x000000008d200000|  0%| F|  |TAMS 0x000000008d100000, 0x000000008d100000| Untracked 
| 210|0x000000008d200000, 0x000000008d200000, 0x000000008d300000|  0%| F|  |TAMS 0x000000008d200000, 0x000000008d200000| Untracked 
| 211|0x000000008d300000, 0x000000008d300000, 0x000000008d400000|  0%| F|  |TAMS 0x000000008d300000, 0x000000008d300000| Untracked 
| 212|0x000000008d400000, 0x000000008d400000, 0x000000008d500000|  0%| F|  |TAMS 0x000000008d400000, 0x000000008d400000| Untracked 
| 213|0x000000008d500000, 0x000000008d500000, 0x000000008d600000|  0%| F|  |TAMS 0x000000008d500000, 0x000000008d500000| Untracked 
| 214|0x000000008d600000, 0x000000008d600000, 0x000000008d700000|  0%| F|  |TAMS 0x000000008d600000, 0x000000008d600000| Untracked 
| 215|0x000000008d700000, 0x000000008d700000, 0x000000008d800000|  0%| F|  |TAMS 0x000000008d700000, 0x000000008d700000| Untracked 
| 216|0x000000008d800000, 0x000000008d800000, 0x000000008d900000|  0%| F|  |TAMS 0x000000008d800000, 0x000000008d800000| Untracked 
| 217|0x000000008d900000, 0x000000008d900000, 0x000000008da00000|  0%| F|  |TAMS 0x000000008d900000, 0x000000008d900000| Untracked 
| 218|0x000000008da00000, 0x000000008da00000, 0x000000008db00000|  0%| F|  |TAMS 0x000000008da00000, 0x000000008da00000| Untracked 
| 219|0x000000008db00000, 0x000000008db00000, 0x000000008dc00000|  0%| F|  |TAMS 0x000000008db00000, 0x000000008db00000| Untracked 
| 220|0x000000008dc00000, 0x000000008dc00000, 0x000000008dd00000|  0%| F|  |TAMS 0x000000008dc00000, 0x000000008dc00000| Untracked 
| 221|0x000000008dd00000, 0x000000008dd00000, 0x000000008de00000|  0%| F|  |TAMS 0x000000008dd00000, 0x000000008dd00000| Untracked 
| 222|0x000000008de00000, 0x000000008de00000, 0x000000008df00000|  0%| F|  |TAMS 0x000000008de00000, 0x000000008de00000| Untracked 
| 223|0x000000008df00000, 0x000000008df00000, 0x000000008e000000|  0%| F|  |TAMS 0x000000008df00000, 0x000000008df00000| Untracked 
| 224|0x000000008e000000, 0x000000008e000000, 0x000000008e100000|  0%| F|  |TAMS 0x000000008e000000, 0x000000008e000000| Untracked 
| 225|0x000000008e100000, 0x000000008e100000, 0x000000008e200000|  0%| F|  |TAMS 0x000000008e100000, 0x000000008e100000| Untracked 
| 226|0x000000008e200000, 0x000000008e200000, 0x000000008e300000|  0%| F|  |TAMS 0x000000008e200000, 0x000000008e200000| Untracked 
| 227|0x000000008e300000, 0x000000008e300000, 0x000000008e400000|  0%| F|  |TAMS 0x000000008e300000, 0x000000008e300000| Untracked 
| 228|0x000000008e400000, 0x000000008e400000, 0x000000008e500000|  0%| F|  |TAMS 0x000000008e400000, 0x000000008e400000| Untracked 
| 229|0x000000008e500000, 0x000000008e500000, 0x000000008e600000|  0%| F|  |TAMS 0x000000008e500000, 0x000000008e500000| Untracked 
| 230|0x000000008e600000, 0x000000008e600000, 0x000000008e700000|  0%| F|  |TAMS 0x000000008e600000, 0x000000008e600000| Untracked 
| 231|0x000000008e700000, 0x000000008e700000, 0x000000008e800000|  0%| F|  |TAMS 0x000000008e700000, 0x000000008e700000| Untracked 
| 239|0x000000008ef00000, 0x000000008ef00000, 0x000000008f000000|  0%| F|  |TAMS 0x000000008ef00000, 0x000000008ef00000| Untracked 
| 240|0x000000008f000000, 0x000000008f000000, 0x000000008f100000|  0%| F|  |TAMS 0x000000008f000000, 0x000000008f000000| Untracked 
| 241|0x000000008f100000, 0x000000008f200000, 0x000000008f200000|100%| E|  |TAMS 0x000000008f100000, 0x000000008f100000| Complete 
| 242|0x000000008f200000, 0x000000008f300000, 0x000000008f300000|100%| E|CS|TAMS 0x000000008f200000, 0x000000008f200000| Complete 
| 509|0x000000009fd00000, 0x000000009fe00000, 0x000000009fe00000|100%| E|CS|TAMS 0x000000009fd00000, 0x000000009fd00000| Complete 

Card table byte_map: [0x0000018168580000,0x0000018168980000] _byte_map_base: 0x0000018168180000

Marking Bits (Prev, Next): (CMBitMap*) 0x00000181559e76b0, (CMBitMap*) 0x00000181559e7670
 Prev Bits: [0x000001816ad80000, 0x000001816cd80000)
 Next Bits: [0x0000018168d80000, 0x000001816ad80000)

Polling page: 0x00000181538c0000

Metaspace:

Usage:
  Non-class:     65.21 MB used.
      Class:     10.12 MB used.
       Both:     75.34 MB used.

Virtual space:
  Non-class space:       72.00 MB reserved,      65.56 MB ( 91%) committed,  9 nodes.
      Class space:        1.00 GB reserved,      10.50 MB (  1%) committed,  1 nodes.
             Both:        1.07 GB reserved,      76.06 MB (  7%) committed. 

Chunk freelists:
   Non-Class:  1.84 MB
       Class:  1.48 MB
        Both:  3.33 MB

MaxMetaspaceSize: unlimited
CompressedClassSpaceSize: 1.00 GB
Initial GC threshold: 21.00 MB
Current GC threshold: 108.88 MB
CDS: off
MetaspaceReclaimPolicy: balanced
 - commit_granule_bytes: 65536.
 - commit_granule_words: 8192.
 - virtual_space_node_default_size: 1048576.
 - enlarge_chunks_in_place: 1.
 - new_chunks_are_fully_committed: 0.
 - uncommit_free_chunks: 1.
 - use_allocation_guard: 0.
 - handle_deallocations: 1.


Internal statistics:

num_allocs_failed_limit: 6.
num_arena_births: 854.
num_arena_deaths: 0.
num_vsnodes_births: 10.
num_vsnodes_deaths: 0.
num_space_committed: 1217.
num_space_uncommitted: 0.
num_chunks_returned_to_freelist: 6.
num_chunks_taken_from_freelist: 3563.
num_chunk_merges: 6.
num_chunk_splits: 2380.
num_chunks_enlarged: 1597.
num_purges: 0.
num_inconsistent_stats: 0.

CodeHeap 'non-profiled nmethods': size=120000Kb used=4261Kb max_used=4261Kb free=115738Kb
 bounds [0x0000018160920000, 0x0000018160d50000, 0x0000018167e50000]
CodeHeap 'profiled nmethods': size=120000Kb used=13607Kb max_used=13607Kb free=106392Kb
 bounds [0x0000018158e50000, 0x0000018159ba0000, 0x0000018160380000]
CodeHeap 'non-nmethods': size=5760Kb used=2370Kb max_used=2458Kb free=3389Kb
 bounds [0x0000018160380000, 0x0000018160600000, 0x0000018160920000]
 total_blobs=7909 nmethods=7009 adapters=811
 compilation: enabled
              stopped_count=0, restarted_count=0
 full_count=0

Compilation events (20 events):
Event: 10.014 Thread 0x000001816f928b10 7756   !   3       org.gradle.configuration.internal.DefaultUserCodeApplicationContext$CurrentApplication$1::execute (79 bytes)
Event: 10.014 Thread 0x0000018176161a00 nmethod 7762 0x0000018160d48590 code [0x0000018160d48700, 0x0000018160d48778]
Event: 10.014 Thread 0x0000018176161a00 7763       4       org.gradle.tooling.internal.provider.runner.ToolingApiBuildEventListenerFactory$1::started (1 bytes)
Event: 10.015 Thread 0x000001816f928b10 nmethod 7756 0x0000018159b89f10 code [0x0000018159b8a120, 0x0000018159b8a7e8]
Event: 10.015 Thread 0x0000018176161a00 nmethod 7763 0x0000018160d48890 code [0x0000018160d48a00, 0x0000018160d48a78]
Event: 10.015 Thread 0x0000018176161a00 7760       4       org.gradle.internal.logging.events.ProgressCompleteEvent::getLogLevel (4 bytes)
Event: 10.015 Thread 0x0000018176161a00 nmethod 7760 0x0000018160d48b90 code [0x0000018160d48d00, 0x0000018160d48d78]
Event: 10.015 Thread 0x0000018176161a00 7752       4       java.util.concurrent.atomic.AtomicLong::getAndIncrement (12 bytes)
Event: 10.022 Thread 0x0000018176161a00 nmethod 7752 0x0000018160d48e90 code [0x0000018160d49000, 0x0000018160d49078]
Event: 10.022 Thread 0x0000018176161a00 7722       4       java.util.regex.Pattern::next (33 bytes)
Event: 10.023 Thread 0x0000018176161a00 nmethod 7722 0x0000018160d49190 code [0x0000018160d49300, 0x0000018160d493f8]
Event: 10.025 Thread 0x000001816f928b10 7764       3       jdk.internal.loader.ClassLoaders::bootLoader (4 bytes)
Event: 10.025 Thread 0x000001816f928b10 nmethod 7764 0x0000018159b8ab10 code [0x0000018159b8aca0, 0x0000018159b8ad98]
Event: 10.025 Thread 0x000001816f928b10 7765       3       java.lang.ClassLoader::getResource (41 bytes)
Event: 10.026 Thread 0x000001816f928b10 nmethod 7765 0x0000018159b8ae10 code [0x0000018159b8b000, 0x0000018159b8b5f8]
Event: 10.041 Thread 0x0000018176161a00 7766       4       groovy.lang.MetaClassImpl::addMetaMethodToIndex (65 bytes)
Event: 10.047 Thread 0x000001816f928b10 7768       3       org.codehaus.groovy.reflection.CachedClass::getNewMetaMethods (166 bytes)
Event: 10.048 Thread 0x000001816f928b10 nmethod 7768 0x0000018159b8b790 code [0x0000018159b8bb00, 0x0000018159b8d188]
Event: 10.050 Thread 0x000001816f928b10 7769       3       java.util.HashSet::toArray (18 bytes)
Event: 10.050 Thread 0x000001816f928b10 nmethod 7769 0x0000018159b8d910 code [0x0000018159b8dac0, 0x0000018159b8ddc8]

GC Heap History (20 events):
Event: 3.875 GC heap before
{Heap before GC invocations=8 (full 0):
 garbage-first heap   total 295936K, used 90852K [0x0000000080000000, 0x0000000100000000)
  region size 1024K, 46 young (47104K), 1 survivors (1024K)
 Metaspace       used 35645K, committed 35968K, reserved 1081344K
  class space    used 4970K, committed 5120K, reserved 1048576K
}
Event: 3.877 GC heap after
{Heap after GC invocations=9 (full 0):
 garbage-first heap   total 295936K, used 50134K [0x0000000080000000, 0x0000000100000000)
  region size 1024K, 4 young (4096K), 4 survivors (4096K)
 Metaspace       used 35645K, committed 35968K, reserved 1081344K
  class space    used 4970K, committed 5120K, reserved 1048576K
}
Event: 5.125 GC heap before
{Heap before GC invocations=10 (full 0):
 garbage-first heap   total 174080K, used 137174K [0x0000000080000000, 0x0000000100000000)
  region size 1024K, 82 young (83968K), 4 survivors (4096K)
 Metaspace       used 46359K, committed 46848K, reserved 1089536K
  class space    used 6178K, committed 6400K, reserved 1048576K
}
Event: 5.135 GC heap after
{Heap after GC invocations=11 (full 0):
 garbage-first heap   total 174080K, used 65926K [0x0000000080000000, 0x0000000100000000)
  region size 1024K, 13 young (13312K), 13 survivors (13312K)
 Metaspace       used 46359K, committed 46848K, reserved 1089536K
  class space    used 6178K, committed 6400K, reserved 1048576K
}
Event: 5.973 GC heap before
{Heap before GC invocations=11 (full 0):
 garbage-first heap   total 174080K, used 130438K [0x0000000080000000, 0x0000000100000000)
  region size 1024K, 76 young (77824K), 13 survivors (13312K)
 Metaspace       used 52747K, committed 53312K, reserved 1097728K
  class space    used 7093K, committed 7360K, reserved 1048576K
}
Event: 5.985 GC heap after
{Heap after GC invocations=12 (full 0):
 garbage-first heap   total 174080K, used 70332K [0x0000000080000000, 0x0000000100000000)
  region size 1024K, 5 young (5120K), 5 survivors (5120K)
 Metaspace       used 52747K, committed 53312K, reserved 1097728K
  class space    used 7093K, committed 7360K, reserved 1048576K
}
Event: 7.031 GC heap before
{Heap before GC invocations=12 (full 0):
 garbage-first heap   total 174080K, used 143036K [0x0000000080000000, 0x0000000100000000)
  region size 1024K, 68 young (69632K), 5 survivors (5120K)
 Metaspace       used 56314K, committed 57024K, reserved 1097728K
  class space    used 7588K, committed 7936K, reserved 1048576K
}
Event: 7.039 GC heap after
{Heap after GC invocations=13 (full 0):
 garbage-first heap   total 174080K, used 88764K [0x0000000080000000, 0x0000000100000000)
  region size 1024K, 9 young (9216K), 9 survivors (9216K)
 Metaspace       used 56314K, committed 57024K, reserved 1097728K
  class space    used 7588K, committed 7936K, reserved 1048576K
}
Event: 7.040 GC heap before
{Heap before GC invocations=13 (full 0):
 garbage-first heap   total 174080K, used 88764K [0x0000000080000000, 0x0000000100000000)
  region size 1024K, 10 young (10240K), 9 survivors (9216K)
 Metaspace       used 56314K, committed 57024K, reserved 1097728K
  class space    used 7588K, committed 7936K, reserved 1048576K
}
Event: 7.043 GC heap after
{Heap after GC invocations=14 (full 0):
 garbage-first heap   total 174080K, used 89836K [0x0000000080000000, 0x0000000100000000)
  region size 1024K, 1 young (1024K), 1 survivors (1024K)
 Metaspace       used 56314K, committed 57024K, reserved 1097728K
  class space    used 7588K, committed 7936K, reserved 1048576K
}
Event: 7.756 GC heap before
{Heap before GC invocations=15 (full 0):
 garbage-first heap   total 174080K, used 132844K [0x0000000080000000, 0x0000000100000000)
  region size 1024K, 42 young (43008K), 1 survivors (1024K)
 Metaspace       used 61976K, committed 62592K, reserved 1105920K
  class space    used 8290K, committed 8576K, reserved 1048576K
}
Event: 7.759 GC heap after
{Heap after GC invocations=16 (full 0):
 garbage-first heap   total 174080K, used 92596K [0x0000000080000000, 0x0000000100000000)
  region size 1024K, 4 young (4096K), 4 survivors (4096K)
 Metaspace       used 61976K, committed 62592K, reserved 1105920K
  class space    used 8290K, committed 8576K, reserved 1048576K
}
Event: 8.256 GC heap before
{Heap before GC invocations=16 (full 0):
 garbage-first heap   total 174080K, used 112052K [0x0000000080000000, 0x0000000100000000)
  region size 1024K, 24 young (24576K), 4 survivors (4096K)
 Metaspace       used 66111K, committed 66880K, reserved 1114112K
  class space    used 8851K, committed 9216K, reserved 1048576K
}
Event: 8.260 GC heap after
{Heap after GC invocations=17 (full 0):
 garbage-first heap   total 174080K, used 94700K [0x0000000080000000, 0x0000000100000000)
  region size 1024K, 6 young (6144K), 6 survivors (6144K)
 Metaspace       used 66111K, committed 66880K, reserved 1114112K
  class space    used 8851K, committed 9216K, reserved 1048576K
}
Event: 8.334 GC heap before
{Heap before GC invocations=18 (full 0):
 garbage-first heap   total 183296K, used 108012K [0x0000000080000000, 0x0000000100000000)
  region size 1024K, 15 young (15360K), 6 survivors (6144K)
 Metaspace       used 66113K, committed 66880K, reserved 1114112K
  class space    used 8851K, committed 9216K, reserved 1048576K
}
Event: 8.339 GC heap after
{Heap after GC invocations=19 (full 0):
 garbage-first heap   total 183296K, used 100733K [0x0000000080000000, 0x0000000100000000)
  region size 1024K, 5 young (5120K), 5 survivors (5120K)
 Metaspace       used 66113K, committed 66880K, reserved 1114112K
  class space    used 8851K, committed 9216K, reserved 1048576K
}
Event: 8.826 GC heap before
{Heap before GC invocations=20 (full 0):
 garbage-first heap   total 183296K, used 136573K [0x0000000080000000, 0x0000000100000000)
  region size 1024K, 39 young (39936K), 5 survivors (5120K)
 Metaspace       used 69229K, committed 69952K, reserved 1114112K
  class space    used 9264K, committed 9600K, reserved 1048576K
}
Event: 8.830 GC heap after
{Heap after GC invocations=21 (full 0):
 garbage-first heap   total 242688K, used 98017K [0x0000000080000000, 0x0000000100000000)
  region size 1024K, 3 young (3072K), 3 survivors (3072K)
 Metaspace       used 69229K, committed 69952K, reserved 1114112K
  class space    used 9264K, committed 9600K, reserved 1048576K
}
Event: 10.015 GC heap before
{Heap before GC invocations=21 (full 0):
 garbage-first heap   total 242688K, used 165601K [0x0000000080000000, 0x0000000100000000)
  region size 1024K, 69 young (70656K), 3 survivors (3072K)
 Metaspace       used 76978K, committed 77696K, reserved 1122304K
  class space    used 10347K, committed 10688K, reserved 1048576K
}
Event: 10.022 GC heap after
{Heap after GC invocations=22 (full 0):
 garbage-first heap   total 242688K, used 102449K [0x0000000080000000, 0x0000000100000000)
  region size 1024K, 7 young (7168K), 7 survivors (7168K)
 Metaspace       used 76978K, committed 77696K, reserved 1122304K
  class space    used 10347K, committed 10688K, reserved 1048576K
}

Dll operation events (2 events):
Event: 0.008 Loaded shared library C:\Users\Usuario\Documents\Proyectos de Android Studio Klotin\jbr\bin\java.dll
Event: 0.565 Loaded shared library C:\Users\Usuario\Documents\Proyectos de Android Studio Klotin\jbr\bin\verify.dll

Deoptimization events (20 events):
Event: 9.713 Thread 0x0000018171489b20 DEOPT PACKING pc=0x0000018160d0dec0 sp=0x000000351a3f6730
Event: 9.713 Thread 0x0000018171489b20 DEOPT UNPACKING pc=0x00000181603d69a3 sp=0x000000351a3f6700 mode 2
Event: 9.720 Thread 0x0000018171489b20 Uncommon trap: trap_request=0xffffffde fr.pc=0x0000018160d2c82c relative=0x00000000000004cc
Event: 9.720 Thread 0x0000018171489b20 Uncommon trap: reason=class_check action=maybe_recompile pc=0x0000018160d2c82c method=kotlin.reflect.jvm.internal.impl.protobuf.CodedInputStream.tryRefillBuffer(I)Z @ 175 c2
Event: 9.720 Thread 0x0000018171489b20 DEOPT PACKING pc=0x0000018160d2c82c sp=0x000000351a3f6390
Event: 9.720 Thread 0x0000018171489b20 DEOPT UNPACKING pc=0x00000181603d69a3 sp=0x000000351a3f6278 mode 2
Event: 9.723 Thread 0x0000018171489b20 Uncommon trap: trap_request=0xffffffde fr.pc=0x0000018160d2c82c relative=0x00000000000004cc
Event: 9.723 Thread 0x0000018171489b20 Uncommon trap: reason=class_check action=maybe_recompile pc=0x0000018160d2c82c method=kotlin.reflect.jvm.internal.impl.protobuf.CodedInputStream.tryRefillBuffer(I)Z @ 175 c2
Event: 9.723 Thread 0x0000018171489b20 DEOPT PACKING pc=0x0000018160d2c82c sp=0x000000351a3f6390
Event: 9.723 Thread 0x0000018171489b20 DEOPT UNPACKING pc=0x00000181603d69a3 sp=0x000000351a3f6278 mode 2
Event: 9.723 Thread 0x0000018171489b20 Uncommon trap: trap_request=0xffffffde fr.pc=0x0000018160d2c82c relative=0x00000000000004cc
Event: 9.723 Thread 0x0000018171489b20 Uncommon trap: reason=class_check action=maybe_recompile pc=0x0000018160d2c82c method=kotlin.reflect.jvm.internal.impl.protobuf.CodedInputStream.tryRefillBuffer(I)Z @ 175 c2
Event: 9.723 Thread 0x0000018171489b20 DEOPT PACKING pc=0x0000018160d2c82c sp=0x000000351a3f6490
Event: 9.723 Thread 0x0000018171489b20 DEOPT UNPACKING pc=0x00000181603d69a3 sp=0x000000351a3f6378 mode 2
Event: 9.726 Thread 0x0000018171489b20 Uncommon trap: trap_request=0xffffffde fr.pc=0x0000018160d2c82c relative=0x00000000000004cc
Event: 9.726 Thread 0x0000018171489b20 Uncommon trap: reason=class_check action=maybe_recompile pc=0x0000018160d2c82c method=kotlin.reflect.jvm.internal.impl.protobuf.CodedInputStream.tryRefillBuffer(I)Z @ 175 c2
Event: 9.726 Thread 0x0000018171489b20 DEOPT PACKING pc=0x0000018160d2c82c sp=0x000000351a3f6490
Event: 9.726 Thread 0x0000018171489b20 DEOPT UNPACKING pc=0x00000181603d69a3 sp=0x000000351a3f6378 mode 2
Event: 9.914 Thread 0x0000018171489b20 DEOPT PACKING pc=0x00000181594bf7ce sp=0x000000351a3f59d0
Event: 9.914 Thread 0x0000018171489b20 DEOPT UNPACKING pc=0x00000181603d7143 sp=0x000000351a3f4e98 mode 0

Classes unloaded (0 events):
No events

Classes redefined (0 events):
No events

Internal exceptions (20 events):
Event: 9.088 Thread 0x0000018171489b20 Exception <a 'java/lang/ClassNotFoundException'{0x000000008dfb5448}: org/gradle/api/plugins/internal/DefaultBasePluginConvention_DecoratedCustomizer> (0x000000008dfb5448) 
thrown [s\src\hotspot\share\classfile\systemDictionary.cpp, line 256]
Event: 9.097 Thread 0x0000018171489b20 Exception <a 'java/lang/ClassNotFoundException'{0x000000008de268d8}: org/gradle/api/plugins/internal/DefaultJavaPluginConvention_DecoratedBeanInfo> (0x000000008de268d8) 
thrown [s\src\hotspot\share\classfile\systemDictionary.cpp, line 256]
Event: 9.099 Thread 0x0000018171489b20 Exception <a 'java/lang/ClassNotFoundException'{0x000000008de3f020}: org/gradle/api/plugins/internal/DefaultJavaPluginConventionBeanInfo> (0x000000008de3f020) 
thrown [s\src\hotspot\share\classfile\systemDictionary.cpp, line 256]
Event: 9.100 Thread 0x0000018171489b20 Exception <a 'java/lang/ClassNotFoundException'{0x000000008de57338}: org/gradle/api/plugins/JavaPluginConventionBeanInfo> (0x000000008de57338) 
thrown [s\src\hotspot\share\classfile\systemDictionary.cpp, line 256]
Event: 9.101 Thread 0x0000018171489b20 Exception <a 'java/lang/ClassNotFoundException'{0x000000008de6f618}: org/gradle/api/plugins/JavaPluginConventionCustomizer> (0x000000008de6f618) 
thrown [s\src\hotspot\share\classfile\systemDictionary.cpp, line 256]
Event: 9.102 Thread 0x0000018171489b20 Exception <a 'java/lang/ClassNotFoundException'{0x000000008de9c028}: org/gradle/api/plugins/internal/DefaultJavaPluginConventionCustomizer> (0x000000008de9c028) 
thrown [s\src\hotspot\share\classfile\systemDictionary.cpp, line 256]
Event: 9.106 Thread 0x0000018171489b20 Exception <a 'java/lang/ClassNotFoundException'{0x000000008dedb130}: org/gradle/api/plugins/internal/DefaultJavaPluginConvention_DecoratedCustomizer> (0x000000008dedb130) 
thrown [s\src\hotspot\share\classfile\systemDictionary.cpp, line 256]
Event: 9.128 Thread 0x0000018171489b20 Exception <a 'java/lang/NoSuchMethodError'{0x000000008dddfef8}: static Lorg/jetbrains/kotlin/gradle/plugin/internal/DefaultConfigurationTimePropertiesAccessorVariantFactory;.<clinit>()V> (0x000000008dddfef8) 
thrown [s\src\hotspot\share\prims\jni.cpp, line 1108]
Event: 9.131 Thread 0x0000018171489b20 Exception <a 'java/lang/NoSuchMethodError'{0x000000008ddf8b78}: static Lorg/jetbrains/kotlin/gradle/plugin/internal/DefaultProjectIsolationStartParameterAccessorVariantFactory;.<clinit>()V> (0x000000008ddf8b78) 
thrown [s\src\hotspot\share\prims\jni.cpp, line 1108]
Event: 9.133 Thread 0x0000018171489b20 Exception <a 'java/lang/NoSuchMethodError'{0x000000008dc12978}: static Lorg/jetbrains/kotlin/gradle/plugin/internal/DefaultMppTestReportHelperVariantFactory;.<clinit>()V> (0x000000008dc12978) 
thrown [s\src\hotspot\share\prims\jni.cpp, line 1108]
Event: 9.134 Thread 0x0000018171489b20 Exception <a 'java/lang/NoSuchMethodError'{0x000000008dc2b590}: static Lorg/jetbrains/kotlin/gradle/plugin/internal/CompatibilityConventionRegistrarG80$Factory;.<clinit>()V> (0x000000008dc2b590) 
thrown [s\src\hotspot\share\prims\jni.cpp, line 1108]
Event: 9.136 Thread 0x0000018171489b20 Exception <a 'java/lang/NoSuchMethodError'{0x000000008dc4b310}: static Lorg/jetbrains/kotlin/gradle/plugin/internal/DefaultArtifactTypeAttributeAccessorVariantFactory;.<clinit>()V> (0x000000008dc4b310) 
thrown [s\src\hotspot\share\prims\jni.cpp, line 1108]
Event: 9.137 Thread 0x0000018171489b20 Exception <a 'java/lang/NoSuchMethodError'{0x000000008dc64fe8}: static Lorg/jetbrains/kotlin/gradle/plugin/internal/MavenPluginConfigurator$DefaultMavenPluginConfiguratorVariantFactory;.<clinit>()V> (0x000000008dc64fe8) 
thrown [s\src\hotspot\share\prims\jni.cpp, line 1108]
Event: 9.139 Thread 0x0000018171489b20 Exception <a 'java/lang/NoSuchMethodError'{0x000000008dc7e338}: static Lorg/jetbrains/kotlin/gradle/plugin/internal/DefaultJavaSourceSetsAccessorVariantFactory;.<clinit>()V> (0x000000008dc7e338) 
thrown [s\src\hotspot\share\prims\jni.cpp, line 1108]
Event: 9.140 Thread 0x0000018171489b20 Exception <a 'java/lang/NoSuchMethodError'{0x000000008dc971f8}: static Lorg/jetbrains/kotlin/gradle/targets/js/nodejs/DefaultUnameExecutorVariantFactory;.<clinit>()V> (0x000000008dc971f8) 
thrown [s\src\hotspot\share\prims\jni.cpp, line 1108]
Event: 9.142 Thread 0x0000018171489b20 Exception <a 'java/lang/NoSuchMethodError'{0x000000008dcb0550}: static Lorg/jetbrains/kotlin/gradle/plugin/internal/DefaultBasePluginConfigurationVariantFactory;.<clinit>()V> (0x000000008dcb0550) 
thrown [s\src\hotspot\share\prims\jni.cpp, line 1108]
Event: 9.143 Thread 0x0000018171489b20 Exception <a 'java/lang/NoSuchMethodError'{0x000000008dcc91a8}: static Lorg/jetbrains/kotlin/gradle/plugin/internal/DefaultIdeaSyncDetectorVariantFactory;.<clinit>()V> (0x000000008dcc91a8) 
thrown [s\src\hotspot\share\prims\jni.cpp, line 1108]
Event: 9.145 Thread 0x0000018171489b20 Exception <a 'java/lang/NoSuchMethodError'{0x000000008dce2a80}: static Lorg/jetbrains/kotlin/gradle/plugin/internal/DefaultKotlinTestReportCompatibilityHelperVariantFactory;.<clinit>()V> (0x000000008dce2a80) 
thrown [s\src\hotspot\share\prims\jni.cpp, line 1108]
Event: 10.047 Thread 0x0000018171489b20 Exception <a 'java/lang/ClassNotFoundException'{0x000000009fdb28a8}: org/jetbrains/kotlin/gradle/targets/js/npm/DefaultNpmDependencyExtensionBeanInfo> (0x000000009fdb28a8) 
thrown [s\src\hotspot\share\classfile\systemDictionary.cpp, line 256]
Event: 10.049 Thread 0x0000018171489b20 Exception <a 'java/lang/ClassNotFoundException'{0x000000009fdbeff8}: org/jetbrains/kotlin/gradle/targets/js/npm/DefaultNpmDependencyExtensionCustomizer> (0x000000009fdbeff8) 
thrown [s\src\hotspot\share\classfile\systemDictionary.cpp, line 256]

VM Operations (20 events):
Event: 8.333 Executing VM operation: G1Concurrent
Event: 8.333 Executing VM operation: G1Concurrent done
Event: 8.333 Executing VM operation: G1TryInitiateConcMark
Event: 8.340 Executing VM operation: G1TryInitiateConcMark done
Event: 8.383 Executing VM operation: G1Concurrent
Event: 8.390 Executing VM operation: G1Concurrent done
Event: 8.409 Executing VM operation: G1Concurrent
Event: 8.412 Executing VM operation: G1Concurrent done
Event: 8.826 Executing VM operation: G1CollectForAllocation
Event: 8.830 Executing VM operation: G1CollectForAllocation done
Event: 8.966 Executing VM operation: HandshakeAllThreads
Event: 8.967 Executing VM operation: HandshakeAllThreads done
Event: 9.230 Executing VM operation: HandshakeAllThreads
Event: 9.230 Executing VM operation: HandshakeAllThreads done
Event: 9.383 Executing VM operation: HandshakeAllThreads
Event: 9.383 Executing VM operation: HandshakeAllThreads done
Event: 9.548 Executing VM operation: ICBufferFull
Event: 9.549 Executing VM operation: ICBufferFull done
Event: 10.015 Executing VM operation: G1CollectForAllocation
Event: 10.022 Executing VM operation: G1CollectForAllocation done

Events (20 events):
Event: 9.008 loading class com/sun/jmx/mbeanserver/StandardMBeanSupport
Event: 9.008 loading class com/sun/jmx/mbeanserver/StandardMBeanSupport done
Event: 9.008 loading class com/sun/jmx/mbeanserver/StandardMBeanIntrospector
Event: 9.008 loading class com/sun/jmx/mbeanserver/StandardMBeanIntrospector done
Event: 9.017 Thread 0x0000018178acc6e0 Thread added: 0x0000018178acc6e0
Event: 9.126 loading class java/io/ObjectOutputStream$BlockDataOutputStream
Event: 9.126 loading class java/io/ObjectOutputStream$BlockDataOutputStream done
Event: 9.126 loading class java/io/ObjectOutputStream$HandleTable
Event: 9.126 loading class java/io/ObjectOutputStream$HandleTable done
Event: 9.126 loading class java/io/ObjectOutputStream$ReplaceTable
Event: 9.127 loading class java/io/ObjectOutputStream$ReplaceTable done
Event: 9.159 loading class java/nio/channels/Channels$1
Event: 9.159 loading class java/nio/channels/Channels$1 done
Event: 9.161 Thread 0x0000018178ad2720 Thread added: 0x0000018178ad2720
Event: 9.385 Thread 0x000001816f92b510 flushing nmethod 0x0000018158efa790
Event: 9.387 Thread 0x000001816f92b510 flushing nmethod 0x00000181591c1390
Event: 9.524 Thread 0x0000018173823970 Thread exited: 0x0000018173823970
Event: 9.532 Thread 0x000001816fb88180 Thread exited: 0x000001816fb88180
Event: 9.665 Thread 0x0000018176163d70 Thread added: 0x0000018176163d70
Event: 10.013 Thread 0x0000018176161a00 Thread added: 0x0000018176161a00


Dynamic libraries:
0x00007ff612860000 - 0x00007ff61286a000 	C:\Users\Usuario\Documents\Proyectos de Android Studio Klotin\jbr\bin\java.exe
0x00007ff9dcbf0000 - 0x00007ff9dce07000 	C:\WINDOWS\SYSTEM32\ntdll.dll
0x00007ff9dc9b0000 - 0x00007ff9dca74000 	C:\WINDOWS\System32\KERNEL32.DLL
0x00007ff9da020000 - 0x00007ff9da3c6000 	C:\WINDOWS\System32\KERNELBASE.dll
0x00007ff9da730000 - 0x00007ff9da841000 	C:\WINDOWS\System32\ucrtbase.dll
0x00007ff9d7350000 - 0x00007ff9d736b000 	C:\Users\Usuario\Documents\Proyectos de Android Studio Klotin\jbr\bin\VCRUNTIME140.dll
0x00007ff9c1560000 - 0x00007ff9c1577000 	C:\Users\Usuario\Documents\Proyectos de Android Studio Klotin\jbr\bin\jli.dll
0x00007ff9dbc00000 - 0x00007ff9dbdae000 	C:\WINDOWS\System32\USER32.dll
0x00007ff9da3d0000 - 0x00007ff9da3f6000 	C:\WINDOWS\System32\win32u.dll
0x00007ff9c0cb0000 - 0x00007ff9c0f43000 	C:\WINDOWS\WinSxS\amd64_microsoft.windows.common-controls_6595b64144ccf1df_6.0.22621.2506_none_270c5ae97388e100\COMCTL32.dll
0x00007ff9db6d0000 - 0x00007ff9db6f9000 	C:\WINDOWS\System32\GDI32.dll
0x00007ff9db380000 - 0x00007ff9db427000 	C:\WINDOWS\System32\msvcrt.dll
0x00007ff9da610000 - 0x00007ff9da728000 	C:\WINDOWS\System32\gdi32full.dll
0x00007ff9da570000 - 0x00007ff9da60a000 	C:\WINDOWS\System32\msvcp_win.dll
0x00007ff9dc240000 - 0x00007ff9dc271000 	C:\WINDOWS\System32\IMM32.DLL
0x00007ff9d7110000 - 0x00007ff9d711c000 	C:\Users\Usuario\Documents\Proyectos de Android Studio Klotin\jbr\bin\vcruntime140_1.dll
0x00007ff995e00000 - 0x00007ff995e8d000 	C:\Users\Usuario\Documents\Proyectos de Android Studio Klotin\jbr\bin\msvcp140.dll
0x00007ff90db70000 - 0x00007ff90e7de000 	C:\Users\Usuario\Documents\Proyectos de Android Studio Klotin\jbr\bin\server\jvm.dll
0x00007ff9dc4c0000 - 0x00007ff9dc571000 	C:\WINDOWS\System32\ADVAPI32.dll
0x00007ff9db540000 - 0x00007ff9db5e5000 	C:\WINDOWS\System32\sechost.dll
0x00007ff9db7e0000 - 0x00007ff9db8f7000 	C:\WINDOWS\System32\RPCRT4.dll
0x00007ff976ec0000 - 0x00007ff976ec9000 	C:\WINDOWS\SYSTEM32\WSOCK32.dll
0x00007ff9db650000 - 0x00007ff9db6c1000 	C:\WINDOWS\System32\WS2_32.dll
0x00007ff9c80a0000 - 0x00007ff9c80d4000 	C:\WINDOWS\SYSTEM32\WINMM.dll
0x00007ff9d4030000 - 0x00007ff9d403a000 	C:\WINDOWS\SYSTEM32\VERSION.dll
0x00007ff9d9050000 - 0x00007ff9d9068000 	C:\WINDOWS\SYSTEM32\kernel.appcore.dll
0x00007ff9d6fc0000 - 0x00007ff9d6fca000 	C:\Users\Usuario\Documents\Proyectos de Android Studio Klotin\jbr\bin\jimage.dll
0x00007ff9c6dd0000 - 0x00007ff9c7003000 	C:\WINDOWS\SYSTEM32\DBGHELP.DLL
0x00007ff9dc620000 - 0x00007ff9dc9a9000 	C:\WINDOWS\System32\combase.dll
0x00007ff9db700000 - 0x00007ff9db7d7000 	C:\WINDOWS\System32\OLEAUT32.dll
0x00007ff9b45c0000 - 0x00007ff9b45f2000 	C:\WINDOWS\SYSTEM32\dbgcore.DLL
0x00007ff9da850000 - 0x00007ff9da8ca000 	C:\WINDOWS\System32\bcryptPrimitives.dll
0x00007ff9c98f0000 - 0x00007ff9c9915000 	C:\Users\Usuario\Documents\Proyectos de Android Studio Klotin\jbr\bin\java.dll
0x00007ff9c7fa0000 - 0x00007ff9c7fb8000 	C:\Users\Usuario\Documents\Proyectos de Android Studio Klotin\jbr\bin\zip.dll
0x00007ff9dab20000 - 0x00007ff9db37a000 	C:\WINDOWS\System32\SHELL32.dll
0x00007ff9d7e90000 - 0x00007ff9d8786000 	C:\WINDOWS\SYSTEM32\windows.storage.dll
0x00007ff9d7d50000 - 0x00007ff9d7e8e000 	C:\WINDOWS\SYSTEM32\wintypes.dll
0x00007ff9db440000 - 0x00007ff9db533000 	C:\WINDOWS\System32\SHCORE.dll
0x00007ff9db5f0000 - 0x00007ff9db64e000 	C:\WINDOWS\System32\shlwapi.dll
0x00007ff9d9e90000 - 0x00007ff9d9eb6000 	C:\WINDOWS\SYSTEM32\profapi.dll
0x00007ff9c15c0000 - 0x00007ff9c15d9000 	C:\Users\Usuario\Documents\Proyectos de Android Studio Klotin\jbr\bin\net.dll
0x00007ff9d45b0000 - 0x00007ff9d46e7000 	C:\WINDOWS\SYSTEM32\WINHTTP.dll
0x00007ff9d94d0000 - 0x00007ff9d9539000 	C:\WINDOWS\system32\mswsock.dll
0x00007ff9c1580000 - 0x00007ff9c1596000 	C:\Users\Usuario\Documents\Proyectos de Android Studio Klotin\jbr\bin\nio.dll
0x00007ff9d2430000 - 0x00007ff9d2440000 	C:\Users\Usuario\Documents\Proyectos de Android Studio Klotin\jbr\bin\verify.dll
0x00007ff9b1500000 - 0x00007ff9b1527000 	C:\Users\Usuario\.gradle\native\68d5fa5c4cc2d200863cafc0d521ce42e7d3e7ee720ec0a83991735586a16f82\windows-amd64\native-platform.dll
0x00007ff98ccd0000 - 0x00007ff98ce14000 	C:\Users\Usuario\.gradle\native\e376f236ea51e6404a007f0833ffe2c6e607c4080706a723a18a27aeea778392\windows-amd64\native-platform-file-events.dll
0x00007ff9c9a70000 - 0x00007ff9c9a79000 	C:\Users\Usuario\Documents\Proyectos de Android Studio Klotin\jbr\bin\management.dll
0x00007ff9c96e0000 - 0x00007ff9c96eb000 	C:\Users\Usuario\Documents\Proyectos de Android Studio Klotin\jbr\bin\management_ext.dll
0x00007ff9db430000 - 0x00007ff9db438000 	C:\WINDOWS\System32\PSAPI.DLL
0x00007ff9d9720000 - 0x00007ff9d973b000 	C:\WINDOWS\SYSTEM32\CRYPTSP.dll
0x00007ff9d8fb0000 - 0x00007ff9d8fe5000 	C:\WINDOWS\system32\rsaenh.dll
0x00007ff9d95c0000 - 0x00007ff9d95ec000 	C:\WINDOWS\SYSTEM32\USERENV.dll
0x00007ff9d98f0000 - 0x00007ff9d9918000 	C:\WINDOWS\SYSTEM32\bcrypt.dll
0x00007ff9d9740000 - 0x00007ff9d974c000 	C:\WINDOWS\SYSTEM32\CRYPTBASE.dll
0x00007ff9d8a60000 - 0x00007ff9d8a8d000 	C:\WINDOWS\SYSTEM32\IPHLPAPI.DLL
0x00007ff9dbdb0000 - 0x00007ff9dbdb9000 	C:\WINDOWS\System32\NSI.dll
0x00007ff9d4a60000 - 0x00007ff9d4a79000 	C:\WINDOWS\SYSTEM32\dhcpcsvc6.DLL
0x00007ff9d47b0000 - 0x00007ff9d47cf000 	C:\WINDOWS\SYSTEM32\dhcpcsvc.DLL
0x00007ff9d8ad0000 - 0x00007ff9d8bc9000 	C:\WINDOWS\SYSTEM32\DNSAPI.dll
0x00007ff935d30000 - 0x00007ff935d38000 	C:\WINDOWS\system32\wshunix.dll

dbghelp: loaded successfully - version: 4.0.5 - missing functions: none
symbol engine: initialized successfully - sym options: 0x614 - pdb path: .;C:\Users\Usuario\Documents\Proyectos de Android Studio Klotin\jbr\bin;C:\WINDOWS\SYSTEM32;C:\WINDOWS\WinSxS\amd64_microsoft.windows.common-controls_6595b64144ccf1df_6.0.22621.2506_none_270c5ae97388e100;C:\Users\Usuario\Documents\Proyectos de Android Studio Klotin\jbr\bin\server;C:\Users\Usuario\.gradle\native\68d5fa5c4cc2d200863cafc0d521ce42e7d3e7ee720ec0a83991735586a16f82\windows-amd64;C:\Users\Usuario\.gradle\native\e376f236ea51e6404a007f0833ffe2c6e607c4080706a723a18a27aeea778392\windows-amd64

VM Arguments:
jvm_args: --add-opens=java.base/java.util=ALL-UNNAMED --add-opens=java.base/java.lang=ALL-UNNAMED --add-opens=java.base/java.lang.invoke=ALL-UNNAMED --add-opens=java.prefs/java.util.prefs=ALL-UNNAMED --add-opens=java.base/java.nio.charset=ALL-UNNAMED --add-opens=java.base/java.net=ALL-UNNAMED --add-opens=java.base/java.util.concurrent.atomic=ALL-UNNAMED -Xmx2048m -Dfile.encoding=UTF-8 -Duser.country=MX -Duser.language=es -Duser.variant 
java_command: org.gradle.launcher.daemon.bootstrap.GradleDaemon 8.0
java_class_path (initial): C:\Users\Usuario\.gradle\wrapper\dists\gradle-8.0-bin\ca5e32bp14vu59qr306oxotwh\gradle-8.0\lib\gradle-launcher-8.0.jar
Launcher Type: SUN_STANDARD

[Global flags]
     intx CICompilerCount                          = 4                                         {product} {ergonomic}
     uint ConcGCThreads                            = 2                                         {product} {ergonomic}
     uint G1ConcRefinementThreads                  = 8                                         {product} {ergonomic}
   size_t G1HeapRegionSize                         = 1048576                                   {product} {ergonomic}
    uintx GCDrainStackTargetSize                   = 64                                        {product} {ergonomic}
   size_t InitialHeapSize                          = 534773760                                 {product} {ergonomic}
   size_t MarkStackSize                            = 4194304                                   {product} {ergonomic}
   size_t MaxHeapSize                              = 2147483648                                {product} {command line}
   size_t MaxNewSize                               = 1287651328                                {product} {ergonomic}
   size_t MinHeapDeltaBytes                        = 1048576                                   {product} {ergonomic}
   size_t MinHeapSize                              = 8388608                                   {product} {ergonomic}
    uintx NonNMethodCodeHeapSize                   = 5839372                                {pd product} {ergonomic}
    uintx NonProfiledCodeHeapSize                  = 122909434                              {pd product} {ergonomic}
    uintx ProfiledCodeHeapSize                     = 122909434                              {pd product} {ergonomic}
    uintx ReservedCodeCacheSize                    = 251658240                              {pd product} {ergonomic}
     bool SegmentedCodeCache                       = true                                      {product} {ergonomic}
   size_t SoftMaxHeapSize                          = 2147483648                             {manageable} {ergonomic}
     bool UseCompressedClassPointers               = true                           {product lp64_product} {ergonomic}
     bool UseCompressedOops                        = true                           {product lp64_product} {ergonomic}
     bool UseG1GC                                  = true                                      {product} {ergonomic}
     bool UseLargePagesIndividualAllocation        = false                                  {pd product} {ergonomic}

Logging:
Log output configuration:
 #0: stdout all=warning uptime,level,tags
 #1: stderr all=off uptime,level,tags

Environment Variables:
JAVA_HOME=C:\Program Files\Java\jdk-11.0.13
PATH=C:\Program Files\Common Files\Oracle\Java\javapath;C:\Program Files\Microsoft\jdk-11.0.16.101-hotspot\bin;C:\Windows\system32;C:\Windows;C:\Windows\System32\Wbem;C:\Windows\System32\WindowsPowerShell\v1.0\;C:\Windows\System32\OpenSSH\;C:\Program Files (x86)\NVIDIA Corporation\PhysX\Common;C:\Program Files\NVIDIA Corporation\NVIDIA NvDLISR;C:\WINDOWS\system32;C:\WINDOWS;C:\WINDOWS\System32\Wbem;C:\WINDOWS\System32\WindowsPowerShell\v1.0\;C:\WINDOWS\System32\OpenSSH\;C:\MinGW\bin;C:\ProgramData\chocolatey\bin;C:\Program Files (x86)\IVI Foundation\VISA\WinNT\Bin\;C:\Program Files\IVI Foundation\VISA\Win64\Bin\;C:\Program Files (x86)\IVI Foundation\VISA\WinNT\Bin;C:\Program Files\nodejs\;C:\Program Files (x86)\Microsoft SQL Server\160\DTS\Binn\;C:\Program Files\dotnet\;C:\Program Files\Java\jdk-11.0.13\bin;C:\apache-maven-3.9.2\bin;C:\xampp\php;C:\Program Files\PuTTY\;C:\Program Files\Git\cmd;C:\flutter\bin;C:\Users\Usuario\AppData\Local\Programs\Python\Python311\Scripts\;C:\Users\Usuario\AppData\Local\Programs\Python\Python311\;C:\Users\Usuario\AppData\Local\Microsoft\WindowsApps;C:\Users\Usuario\AppData\Roaming\Pub\Cache\bin;C:\Users\Usuario\AppData\Roaming\npm;C:\Program Files\Azure Data Studio\bin;C:\Program Files\Azure Data Studio\bin;C:\Program Files\Azure Data Studio\bin;C:\Users\Public\Documents\bin;C:\xampp\php\windowsXamppPhp;C:\flutter\bin;
USERNAME=Usuario
OS=Windows_NT
PROCESSOR_IDENTIFIER=Intel64 Family 6 Model 165 Stepping 2, GenuineIntel
TMP=C:\Users\Usuario\AppData\Local\Temp
TEMP=C:\Users\Usuario\AppData\Local\Temp


JNI global refs:
JNI global refs: 28, weak refs: 4

JNI global refs memory usage: 843, weak refs: 841


---------------  S Y S T E M  ---------------

OS:
 Windows 11 , 64 bit Build 22621 (10.0.22621.2506)
OS uptime: 12 days 22:53 hours

CPU: total 8 (initial active 8) (4 cores per cpu, 2 threads per core) family 6 model 165 stepping 2 microcode 0xe0, cx8, cmov, fxsr, ht, mmx, 3dnowpref, sse, sse2, sse3, ssse3, sse4.1, sse4.2, popcnt, lzcnt, tsc, tscinvbit, avx, avx2, aes, erms, clmul, bmi1, bmi2, adx, fma, vzeroupper, clflush, clflushopt

Memory: 4k page, system-wide physical 32589M (1315M free)
TotalPageFile size 62948M (AvailPageFile size 5M)
current process WorkingSet (physical memory assigned to process): 481M, peak: 481M
current process commit charge ("private bytes"): 522M, peak: 662M

vm_info: OpenJDK 64-Bit Server VM (17.0.6+0-b2043.56-10027231) for windows-amd64 JRE (17.0.6+0-b2043.56-10027231), built on Apr 28 2023 00:43:19 by "androidbuild" with MS VC++ 16.10 / 16.11 (VS2019)

END.
